Flow report for ex_mult
Tue Oct 02 13:24:17 2018
Quartus II 64-Bit Version 12.0 Build 178 05/31/2012 SJ Full Version


---------------------
; Table of Contents ;
---------------------
  1. Legal Notice
  2. Flow Summary
  3. Flow Settings
  4. Flow Non-Default Global Settings
  5. Flow Elapsed Time
  6. Flow OS Summary
  7. Flow Log



----------------
; Legal Notice ;
----------------
Copyright (C) 1991-2012 Altera Corporation
Your use of Altera Corporation's design tools, logic functions 
and other software and tools, and its AMPP partner logic 
functions, and any output files from any of the foregoing 
(including device programming or simulation files), and any 
associated documentation or information are expressly subject 
to the terms and conditions of the Altera Program License 
Subscription Agreement, Altera MegaCore Function License 
Agreement, or other applicable license agreement, including, 
without limitation, that your use is for the sole purpose of 
programming logic devices manufactured by Altera and sold by 
Altera or its authorized distributors.  Please refer to the 
applicable agreement for further details.



+--------------------------------------------------------------------------------+
; Flow Summary                                                                   ;
+------------------------------------+-------------------------------------------+
; Flow Status                        ; Successful - Tue Oct 02 13:24:16 2018     ;
; Quartus II 64-Bit Version          ; 12.0 Build 178 05/31/2012 SJ Full Version ;
; Revision Name                      ; ex_mult                                   ;
; Top-level Entity Name              ; ex_mult                                   ;
; Family                             ; Cyclone IV E                              ;
; Device                             ; EP4CE10F17C8                              ;
; Timing Models                      ; Final                                     ;
; Total logic elements               ; 0 / 10,320 ( 0 % )                        ;
;     Total combinational functions  ; 0 / 10,320 ( 0 % )                        ;
;     Dedicated logic registers      ; 0 / 10,320 ( 0 % )                        ;
; Total registers                    ; 0                                         ;
; Total pins                         ; 66 / 180 ( 37 % )                         ;
; Total virtual pins                 ; 0                                         ;
; Total memory bits                  ; 0 / 423,936 ( 0 % )                       ;
; Embedded Multiplier 9-bit elements ; 2 / 46 ( 4 % )                            ;
; Total PLLs                         ; 0 / 2 ( 0 % )                             ;
+------------------------------------+-------------------------------------------+


+-----------------------------------------+
; Flow Settings                           ;
+-------------------+---------------------+
; Option            ; Setting             ;
+-------------------+---------------------+
; Start date & time ; 10/02/2018 13:23:56 ;
; Main task         ; Compilation         ;
; Revision Name     ; ex_mult             ;
+-------------------+---------------------+


+------------------------------------------------------------------------------------------------------------------------+
; Flow Non-Default Global Settings                                                                                       ;
+-------------------------------------+---------------------------------------+---------------+-------------+------------+
; Assignment Name                     ; Value                                 ; Default Value ; Entity Name ; Section Id ;
+-------------------------------------+---------------------------------------+---------------+-------------+------------+
; COMPILER_SIGNATURE_ID               ; 128454777248582.153845783510128       ; --            ; --          ; --         ;
; IP_TOOL_NAME                        ; LPM_MULT                              ; --            ; --          ; --         ;
; IP_TOOL_VERSION                     ; 12.0                                  ; --            ; --          ; --         ;
; MAX_CORE_JUNCTION_TEMP              ; 85                                    ; --            ; --          ; --         ;
; MIN_CORE_JUNCTION_TEMP              ; 0                                     ; --            ; --          ; --         ;
; MISC_FILE                           ; mult_16x16_l1_inst.v                  ; --            ; --          ; --         ;
; MISC_FILE                           ; mult_16x16_l1_bb.v                    ; --            ; --          ; --         ;
; NOMINAL_CORE_SUPPLY_VOLTAGE         ; 1.2V                                  ; --            ; --          ; --         ;
; PARTITION_COLOR                     ; 16764057                              ; --            ; --          ; Top        ;
; PARTITION_FITTER_PRESERVATION_LEVEL ; PLACEMENT_AND_ROUTING                 ; --            ; --          ; Top        ;
; PARTITION_NETLIST_TYPE              ; SOURCE                                ; --            ; --          ; Top        ;
; POWER_BOARD_THERMAL_MODEL           ; None (CONSERVATIVE)                   ; --            ; --          ; --         ;
; POWER_PRESET_COOLING_SOLUTION       ; 23 MM HEAT SINK WITH 200 LFPM AIRFLOW ; --            ; --          ; --         ;
+-------------------------------------+---------------------------------------+---------------+-------------+------------+


+-------------------------------------------------------------------------------------------------------------------------------+
; Flow Elapsed Time                                                                                                             ;
+---------------------------+--------------+-------------------------+---------------------+------------------------------------+
; Module Name               ; Elapsed Time ; Average Processors Used ; Peak Virtual Memory ; Total CPU Time (on all processors) ;
+---------------------------+--------------+-------------------------+---------------------+------------------------------------+
; Analysis & Synthesis      ; 00:00:03     ; 1.0                     ; 408 MB              ; 00:00:02                           ;
; Fitter                    ; 00:00:10     ; 1.3                     ; 551 MB              ; 00:00:06                           ;
; Assembler                 ; 00:00:03     ; 1.0                     ; 369 MB              ; 00:00:02                           ;
; TimeQuest Timing Analyzer ; 00:00:05     ; 1.0                     ; 417 MB              ; 00:00:03                           ;
; Total                     ; 00:00:21     ; --                      ; --                  ; 00:00:13                           ;
+---------------------------+--------------+-------------------------+---------------------+------------------------------------+


+----------------------------------------------------------------------------------------+
; Flow OS Summary                                                                        ;
+---------------------------+------------------+-----------+------------+----------------+
; Module Name               ; Machine Hostname ; OS Name   ; OS Version ; Processor type ;
+---------------------------+------------------+-----------+------------+----------------+
; Analysis & Synthesis      ; MS-20180107HQRH  ; Windows 7 ; 6.1        ; x86_64         ;
; Fitter                    ; MS-20180107HQRH  ; Windows 7 ; 6.1        ; x86_64         ;
; Assembler                 ; MS-20180107HQRH  ; Windows 7 ; 6.1        ; x86_64         ;
; TimeQuest Timing Analyzer ; MS-20180107HQRH  ; Windows 7 ; 6.1        ; x86_64         ;
+---------------------------+------------------+-----------+------------+----------------+


------------
; Flow Log ;
------------
quartus_map --read_settings_files=on --write_settings_files=off ex_mult -c ex_mult
quartus_fit --read_settings_files=off --write_settings_files=off ex_mult -c ex_mult
quartus_asm --read_settings_files=off --write_settings_files=off ex_mult -c ex_mult
quartus_sta ex_mult -c ex_mult



