Flow report for ex_ipcore
Sat Aug 18 15:30:47 2018
Quartus II 64-Bit Version 12.0 Build 178 05/31/2012 SJ Full Version


---------------------
; Table of Contents ;
---------------------
  1. Legal Notice
  2. Flow Summary
  3. Flow Settings
  4. Flow Non-Default Global Settings
  5. Flow Elapsed Time
  6. Flow OS Summary
  7. Flow Log



----------------
; Legal Notice ;
----------------
Copyright (C) 1991-2012 Altera Corporation
Your use of Altera Corporation's design tools, logic functions 
and other software and tools, and its AMPP partner logic 
functions, and any output files from any of the foregoing 
(including device programming or simulation files), and any 
associated documentation or information are expressly subject 
to the terms and conditions of the Altera Program License 
Subscription Agreement, Altera MegaCore Function License 
Agreement, or other applicable license agreement, including, 
without limitation, that your use is for the sole purpose of 
programming logic devices manufactured by Altera and sold by 
Altera or its authorized distributors.  Please refer to the 
applicable agreement for further details.



+--------------------------------------------------------------------------------+
; Flow Summary                                                                   ;
+------------------------------------+-------------------------------------------+
; Flow Status                        ; Successful - Sat Aug 18 15:30:43 2018     ;
; Quartus II 64-Bit Version          ; 12.0 Build 178 05/31/2012 SJ Full Version ;
; Revision Name                      ; ex_ipcore                                 ;
; Top-level Entity Name              ; ex_ipcore                                 ;
; Family                             ; Cyclone IV E                              ;
; Device                             ; EP4CE6E22A7                               ;
; Timing Models                      ; Final                                     ;
; Total logic elements               ; 8 / 6,272 ( < 1 % )                       ;
;     Total combinational functions  ; 8 / 6,272 ( < 1 % )                       ;
;     Dedicated logic registers      ; 8 / 6,272 ( < 1 % )                       ;
; Total registers                    ; 8                                         ;
; Total pins                         ; 14 / 92 ( 15 % )                          ;
; Total virtual pins                 ; 0                                         ;
; Total memory bits                  ; 2,048 / 276,480 ( < 1 % )                 ;
; Embedded Multiplier 9-bit elements ; 0 / 30 ( 0 % )                            ;
; Total PLLs                         ; 1 / 2 ( 50 % )                            ;
+------------------------------------+-------------------------------------------+


+-----------------------------------------+
; Flow Settings                           ;
+-------------------+---------------------+
; Option            ; Setting             ;
+-------------------+---------------------+
; Start date & time ; 08/18/2018 15:30:24 ;
; Main task         ; Compilation         ;
; Revision Name     ; ex_ipcore           ;
+-------------------+---------------------+


+------------------------------------------------------------------------------------------------------------------+
; Flow Non-Default Global Settings                                                                                 ;
+-------------------------------------+---------------------------------+---------------+-------------+------------+
; Assignment Name                     ; Value                           ; Default Value ; Entity Name ; Section Id ;
+-------------------------------------+---------------------------------+---------------+-------------+------------+
; COMPILER_SIGNATURE_ID               ; 128454777248582.153457742401172 ; --            ; --          ; --         ;
; IP_TOOL_NAME                        ; ALTPLL                          ; --            ; --          ; --         ;
; IP_TOOL_NAME                        ; ROM: 1-PORT                     ; --            ; --          ; --         ;
; IP_TOOL_VERSION                     ; 12.0                            ; --            ; --          ; --         ;
; IP_TOOL_VERSION                     ; 12.0                            ; --            ; --          ; --         ;
; MAX_CORE_JUNCTION_TEMP              ; 125                             ; --            ; --          ; --         ;
; MIN_CORE_JUNCTION_TEMP              ; -40                             ; --            ; --          ; --         ;
; MISC_FILE                           ; ipcore_dir/pll1_inst.v          ; --            ; --          ; --         ;
; MISC_FILE                           ; ipcore_dir/pll1.ppf             ; --            ; --          ; --         ;
; MISC_FILE                           ; ipcore_dir/rom_8x256_inst.v     ; --            ; --          ; --         ;
; NOMINAL_CORE_SUPPLY_VOLTAGE         ; 1.2V                            ; --            ; --          ; --         ;
; PARTITION_COLOR                     ; 16764057                        ; --            ; --          ; Top        ;
; PARTITION_FITTER_PRESERVATION_LEVEL ; PLACEMENT_AND_ROUTING           ; --            ; --          ; Top        ;
; PARTITION_NETLIST_TYPE              ; SOURCE                          ; --            ; --          ; Top        ;
+-------------------------------------+---------------------------------+---------------+-------------+------------+


+-------------------------------------------------------------------------------------------------------------------------------+
; Flow Elapsed Time                                                                                                             ;
+---------------------------+--------------+-------------------------+---------------------+------------------------------------+
; Module Name               ; Elapsed Time ; Average Processors Used ; Peak Virtual Memory ; Total CPU Time (on all processors) ;
+---------------------------+--------------+-------------------------+---------------------+------------------------------------+
; Analysis & Synthesis      ; 00:00:04     ; 1.0                     ; 415 MB              ; 00:00:02                           ;
; Fitter                    ; 00:00:07     ; 1.0                     ; 554 MB              ; 00:00:06                           ;
; Assembler                 ; 00:00:04     ; 1.0                     ; 369 MB              ; 00:00:01                           ;
; TimeQuest Timing Analyzer ; 00:00:07     ; 1.0                     ; 405 MB              ; 00:00:03                           ;
; Total                     ; 00:00:22     ; --                      ; --                  ; 00:00:12                           ;
+---------------------------+--------------+-------------------------+---------------------+------------------------------------+


+----------------------------------------------------------------------------------------+
; Flow OS Summary                                                                        ;
+---------------------------+------------------+-----------+------------+----------------+
; Module Name               ; Machine Hostname ; OS Name   ; OS Version ; Processor type ;
+---------------------------+------------------+-----------+------------+----------------+
; Analysis & Synthesis      ; MS-20180107HQRH  ; Windows 7 ; 6.1        ; x86_64         ;
; Fitter                    ; MS-20180107HQRH  ; Windows 7 ; 6.1        ; x86_64         ;
; Assembler                 ; MS-20180107HQRH  ; Windows 7 ; 6.1        ; x86_64         ;
; TimeQuest Timing Analyzer ; MS-20180107HQRH  ; Windows 7 ; 6.1        ; x86_64         ;
+---------------------------+------------------+-----------+------------+----------------+


------------
; Flow Log ;
------------
quartus_map --read_settings_files=on --write_settings_files=off ex_ipcore -c ex_ipcore
quartus_fit --read_settings_files=off --write_settings_files=off ex_ipcore -c ex_ipcore
quartus_asm --read_settings_files=off --write_settings_files=off ex_ipcore -c ex_ipcore
quartus_sta ex_ipcore -c ex_ipcore



