Flow report for ex_fsm
Sun Aug 05 08:17:56 2018
Quartus II 64-Bit Version 12.0 Build 178 05/31/2012 SJ Full Version


---------------------
; Table of Contents ;
---------------------
  1. Legal Notice
  2. Flow Summary
  3. Flow Settings
  4. Flow Non-Default Global Settings
  5. Flow Elapsed Time
  6. Flow OS Summary
  7. Flow Log



----------------
; Legal Notice ;
----------------
Copyright (C) 1991-2012 Altera Corporation
Your use of Altera Corporation's design tools, logic functions 
and other software and tools, and its AMPP partner logic 
functions, and any output files from any of the foregoing 
(including device programming or simulation files), and any 
associated documentation or information are expressly subject 
to the terms and conditions of the Altera Program License 
Subscription Agreement, Altera MegaCore Function License 
Agreement, or other applicable license agreement, including, 
without limitation, that your use is for the sole purpose of 
programming logic devices manufactured by Altera and sold by 
Altera or its authorized distributors.  Please refer to the 
applicable agreement for further details.



+--------------------------------------------------------------------------------+
; Flow Summary                                                                   ;
+------------------------------------+-------------------------------------------+
; Flow Status                        ; Successful - Sun Aug 05 08:17:56 2018     ;
; Quartus II 64-Bit Version          ; 12.0 Build 178 05/31/2012 SJ Full Version ;
; Revision Name                      ; ex_fsm                                    ;
; Top-level Entity Name              ; ex_fsm                                    ;
; Family                             ; Cyclone IV E                              ;
; Device                             ; EP4CE6E22C8                               ;
; Timing Models                      ; Final                                     ;
; Total logic elements               ; 443 / 6,272 ( 7 % )                       ;
;     Total combinational functions  ; 319 / 6,272 ( 5 % )                       ;
;     Dedicated logic registers      ; 335 / 6,272 ( 5 % )                       ;
; Total registers                    ; 335                                       ;
; Total pins                         ; 5 / 92 ( 5 % )                            ;
; Total virtual pins                 ; 0                                         ;
; Total memory bits                  ; 512 / 276,480 ( < 1 % )                   ;
; Embedded Multiplier 9-bit elements ; 0 / 30 ( 0 % )                            ;
; Total PLLs                         ; 0 / 2 ( 0 % )                             ;
+------------------------------------+-------------------------------------------+


+-----------------------------------------+
; Flow Settings                           ;
+-------------------+---------------------+
; Option            ; Setting             ;
+-------------------+---------------------+
; Start date & time ; 08/04/2018 21:52:06 ;
; Main task         ; Compilation         ;
; Revision Name     ; ex_fsm              ;
+-------------------+---------------------+


+---------------------------------------------------------------------------------------------------------------------------------------------+
; Flow Non-Default Global Settings                                                                                                            ;
+-------------------------------------+------------------------------------------------------+---------------+-------------+------------------+
; Assignment Name                     ; Value                                                ; Default Value ; Entity Name ; Section Id       ;
+-------------------------------------+------------------------------------------------------+---------------+-------------+------------------+
; COMPILER_SIGNATURE_ID               ; 128454777248582.153339072602568                      ; --            ; --          ; --               ;
; ENABLE_SIGNALTAP                    ; On                                                   ; --            ; --          ; --               ;
; MAX_CORE_JUNCTION_TEMP              ; 85                                                   ; --            ; --          ; --               ;
; MIN_CORE_JUNCTION_TEMP              ; 0                                                    ; --            ; --          ; --               ;
; NOMINAL_CORE_SUPPLY_VOLTAGE         ; 1.2V                                                 ; --            ; --          ; --               ;
; PARTITION_COLOR                     ; 16764057                                             ; --            ; --          ; Top              ;
; PARTITION_FITTER_PRESERVATION_LEVEL ; PLACEMENT_AND_ROUTING                                ; --            ; --          ; Top              ;
; PARTITION_NETLIST_TYPE              ; SOURCE                                               ; --            ; --          ; Top              ;
; POWER_BOARD_THERMAL_MODEL           ; None (CONSERVATIVE)                                  ; --            ; --          ; --               ;
; POWER_PRESET_COOLING_SOLUTION       ; 23 MM HEAT SINK WITH 200 LFPM AIRFLOW                ; --            ; --          ; --               ;
; SLD_NODE_CREATOR_ID                 ; 110                                                  ; --            ; --          ; auto_signaltap_0 ;
; SLD_NODE_ENTITY_NAME                ; sld_signaltap                                        ; --            ; --          ; auto_signaltap_0 ;
; SLD_NODE_PARAMETER_ASSIGNMENT       ; SLD_DATA_BITS=4                                      ; --            ; --          ; auto_signaltap_0 ;
; SLD_NODE_PARAMETER_ASSIGNMENT       ; SLD_TRIGGER_BITS=4                                   ; --            ; --          ; auto_signaltap_0 ;
; SLD_NODE_PARAMETER_ASSIGNMENT       ; SLD_NODE_INFO=805334528                              ; --            ; --          ; auto_signaltap_0 ;
; SLD_NODE_PARAMETER_ASSIGNMENT       ; SLD_POWER_UP_TRIGGER=0                               ; --            ; --          ; auto_signaltap_0 ;
; SLD_NODE_PARAMETER_ASSIGNMENT       ; SLD_INVERSION_MASK=000000000000000000000000000000000 ; --            ; --          ; auto_signaltap_0 ;
; SLD_NODE_PARAMETER_ASSIGNMENT       ; SLD_INVERSION_MASK_LENGTH=33                         ; --            ; --          ; auto_signaltap_0 ;
; SLD_NODE_PARAMETER_ASSIGNMENT       ; SLD_STORAGE_QUALIFIER_INVERSION_MASK_LENGTH=0        ; --            ; --          ; auto_signaltap_0 ;
; SLD_NODE_PARAMETER_ASSIGNMENT       ; SLD_SEGMENT_SIZE=128                                 ; --            ; --          ; auto_signaltap_0 ;
; SLD_NODE_PARAMETER_ASSIGNMENT       ; SLD_ATTRIBUTE_MEM_MODE=OFF                           ; --            ; --          ; auto_signaltap_0 ;
; SLD_NODE_PARAMETER_ASSIGNMENT       ; SLD_STATE_FLOW_USE_GENERATED=0                       ; --            ; --          ; auto_signaltap_0 ;
; SLD_NODE_PARAMETER_ASSIGNMENT       ; SLD_STATE_BITS=11                                    ; --            ; --          ; auto_signaltap_0 ;
; SLD_NODE_PARAMETER_ASSIGNMENT       ; SLD_BUFFER_FULL_STOP=1                               ; --            ; --          ; auto_signaltap_0 ;
; SLD_NODE_PARAMETER_ASSIGNMENT       ; SLD_CURRENT_RESOURCE_WIDTH=1                         ; --            ; --          ; auto_signaltap_0 ;
; SLD_NODE_PARAMETER_ASSIGNMENT       ; SLD_NODE_CRC_LOWORD=23940                            ; --            ; --          ; auto_signaltap_0 ;
; SLD_NODE_PARAMETER_ASSIGNMENT       ; SLD_NODE_CRC_HIWORD=13283                            ; --            ; --          ; auto_signaltap_0 ;
; SLD_NODE_PARAMETER_ASSIGNMENT       ; SLD_TRIGGER_LEVEL=1                                  ; --            ; --          ; auto_signaltap_0 ;
; SLD_NODE_PARAMETER_ASSIGNMENT       ; SLD_SAMPLE_DEPTH=128                                 ; --            ; --          ; auto_signaltap_0 ;
; SLD_NODE_PARAMETER_ASSIGNMENT       ; SLD_TRIGGER_IN_ENABLED=0                             ; --            ; --          ; auto_signaltap_0 ;
; SLD_NODE_PARAMETER_ASSIGNMENT       ; SLD_ADVANCED_TRIGGER_ENTITY=basic,1,                 ; --            ; --          ; auto_signaltap_0 ;
; SLD_NODE_PARAMETER_ASSIGNMENT       ; SLD_TRIGGER_LEVEL_PIPELINE=1                         ; --            ; --          ; auto_signaltap_0 ;
; SLD_NODE_PARAMETER_ASSIGNMENT       ; SLD_ENABLE_ADVANCED_TRIGGER=0                        ; --            ; --          ; auto_signaltap_0 ;
; STATE_MACHINE_PROCESSING            ; User-Encoded                                         ; Auto          ; --          ; --               ;
; USE_SIGNALTAP_FILE                  ; ../design/stp1.stp                                   ; --            ; --          ; --               ;
+-------------------------------------+------------------------------------------------------+---------------+-------------+------------------+


+-------------------------------------------------------------------------------------------------------------------------------+
; Flow Elapsed Time                                                                                                             ;
+---------------------------+--------------+-------------------------+---------------------+------------------------------------+
; Module Name               ; Elapsed Time ; Average Processors Used ; Peak Virtual Memory ; Total CPU Time (on all processors) ;
+---------------------------+--------------+-------------------------+---------------------+------------------------------------+
; Analysis & Synthesis      ; 00:00:05     ; 1.0                     ; 473 MB              ; 00:00:04                           ;
; Fitter                    ; 00:00:06     ; 1.0                     ; 560 MB              ; 00:00:06                           ;
; Assembler                 ; 00:00:02     ; 1.0                     ; 386 MB              ; 00:00:02                           ;
; TimeQuest Timing Analyzer ; 00:00:04     ; 1.0                     ; 433 MB              ; 00:00:03                           ;
; Analysis & Synthesis      ; 00:00:04     ; 1.0                     ; 475 MB              ; 00:00:04                           ;
; Partition Merge           ; 00:00:01     ; 1.0                     ; 408 MB              ; 00:00:01                           ;
; Fitter                    ; 00:00:06     ; 1.5                     ; 560 MB              ; 00:00:06                           ;
; Assembler                 ; 00:00:02     ; 1.0                     ; 386 MB              ; 00:00:02                           ;
; TimeQuest Timing Analyzer ; 00:00:04     ; 1.0                     ; 421 MB              ; 00:00:03                           ;
; EDA Netlist Writer        ; 00:00:02     ; 1.0                     ; 350 MB              ; 00:00:02                           ;
; Analysis & Synthesis      ; 00:00:03     ; 1.0                     ; 463 MB              ; 00:00:03                           ;
; Partition Merge           ; 00:00:02     ; 1.0                     ; 398 MB              ; 00:00:01                           ;
; Fitter                    ; 00:00:06     ; 1.4                     ; 560 MB              ; 00:00:06                           ;
; Assembler                 ; 00:00:02     ; 1.0                     ; 386 MB              ; 00:00:02                           ;
; TimeQuest Timing Analyzer ; 00:00:04     ; 1.0                     ; 433 MB              ; 00:00:03                           ;
; EDA Netlist Writer        ; 00:00:02     ; 1.0                     ; 350 MB              ; 00:00:02                           ;
; Analysis & Synthesis      ; 00:00:07     ; 1.0                     ; 463 MB              ; 00:00:04                           ;
; Partition Merge           ; 00:00:02     ; 1.0                     ; 398 MB              ; 00:00:02                           ;
; Fitter                    ; 00:00:08     ; 1.0                     ; 564 MB              ; 00:00:06                           ;
; Assembler                 ; 00:00:03     ; 1.0                     ; 386 MB              ; 00:00:02                           ;
; TimeQuest Timing Analyzer ; 00:00:05     ; 1.3                     ; 423 MB              ; 00:00:03                           ;
; EDA Netlist Writer        ; 00:00:03     ; 1.0                     ; 350 MB              ; 00:00:02                           ;
; Total                     ; 00:01:23     ; --                      ; --                  ; 00:01:09                           ;
+---------------------------+--------------+-------------------------+---------------------+------------------------------------+


+----------------------------------------------------------------------------------------+
; Flow OS Summary                                                                        ;
+---------------------------+------------------+-----------+------------+----------------+
; Module Name               ; Machine Hostname ; OS Name   ; OS Version ; Processor type ;
+---------------------------+------------------+-----------+------------+----------------+
; Analysis & Synthesis      ; MS-20180107HQRH  ; Windows 7 ; 6.1        ; x86_64         ;
; Fitter                    ; MS-20180107HQRH  ; Windows 7 ; 6.1        ; x86_64         ;
; Assembler                 ; MS-20180107HQRH  ; Windows 7 ; 6.1        ; x86_64         ;
; TimeQuest Timing Analyzer ; MS-20180107HQRH  ; Windows 7 ; 6.1        ; x86_64         ;
; Analysis & Synthesis      ; MS-20180107HQRH  ; Windows 7 ; 6.1        ; x86_64         ;
; Partition Merge           ; MS-20180107HQRH  ; Windows 7 ; 6.1        ; x86_64         ;
; Fitter                    ; MS-20180107HQRH  ; Windows 7 ; 6.1        ; x86_64         ;
; Assembler                 ; MS-20180107HQRH  ; Windows 7 ; 6.1        ; x86_64         ;
; TimeQuest Timing Analyzer ; MS-20180107HQRH  ; Windows 7 ; 6.1        ; x86_64         ;
; EDA Netlist Writer        ; MS-20180107HQRH  ; Windows 7 ; 6.1        ; x86_64         ;
; Analysis & Synthesis      ; MS-20180107HQRH  ; Windows 7 ; 6.1        ; x86_64         ;
; Partition Merge           ; MS-20180107HQRH  ; Windows 7 ; 6.1        ; x86_64         ;
; Fitter                    ; MS-20180107HQRH  ; Windows 7 ; 6.1        ; x86_64         ;
; Assembler                 ; MS-20180107HQRH  ; Windows 7 ; 6.1        ; x86_64         ;
; TimeQuest Timing Analyzer ; MS-20180107HQRH  ; Windows 7 ; 6.1        ; x86_64         ;
; EDA Netlist Writer        ; MS-20180107HQRH  ; Windows 7 ; 6.1        ; x86_64         ;
; Analysis & Synthesis      ; MS-20180107HQRH  ; Windows 7 ; 6.1        ; x86_64         ;
; Partition Merge           ; MS-20180107HQRH  ; Windows 7 ; 6.1        ; x86_64         ;
; Fitter                    ; MS-20180107HQRH  ; Windows 7 ; 6.1        ; x86_64         ;
; Assembler                 ; MS-20180107HQRH  ; Windows 7 ; 6.1        ; x86_64         ;
; TimeQuest Timing Analyzer ; MS-20180107HQRH  ; Windows 7 ; 6.1        ; x86_64         ;
; EDA Netlist Writer        ; MS-20180107HQRH  ; Windows 7 ; 6.1        ; x86_64         ;
+---------------------------+------------------+-----------+------------+----------------+


------------
; Flow Log ;
------------
quartus_map --read_settings_files=on --write_settings_files=off ex_fsm -c ex_fsm
quartus_fit --read_settings_files=off --write_settings_files=off ex_fsm -c ex_fsm
quartus_asm --read_settings_files=off --write_settings_files=off ex_fsm -c ex_fsm
quartus_sta ex_fsm -c ex_fsm
quartus_map --read_settings_files=on --write_settings_files=off ex_fsm -c ex_fsm
quartus_cdb --read_settings_files=off --write_settings_files=off ex_fsm -c ex_fsm --merge=on
quartus_fit --read_settings_files=off --write_settings_files=off ex_fsm -c ex_fsm
quartus_asm --read_settings_files=off --write_settings_files=off ex_fsm -c ex_fsm
quartus_sta ex_fsm -c ex_fsm
quartus_eda --read_settings_files=off --write_settings_files=off ex_fsm -c ex_fsm
quartus_map --read_settings_files=on --write_settings_files=off ex_fsm -c ex_fsm
quartus_cdb --read_settings_files=off --write_settings_files=off ex_fsm -c ex_fsm --merge=on
quartus_fit --read_settings_files=off --write_settings_files=off ex_fsm -c ex_fsm
quartus_asm --read_settings_files=off --write_settings_files=off ex_fsm -c ex_fsm
quartus_sta ex_fsm -c ex_fsm
quartus_eda --read_settings_files=off --write_settings_files=off ex_fsm -c ex_fsm
quartus_map --read_settings_files=on --write_settings_files=off ex_fsm -c ex_fsm
quartus_cdb --read_settings_files=off --write_settings_files=off ex_fsm -c ex_fsm --merge=on
quartus_fit --read_settings_files=off --write_settings_files=off ex_fsm -c ex_fsm
quartus_asm --read_settings_files=off --write_settings_files=off ex_fsm -c ex_fsm
quartus_sta ex_fsm -c ex_fsm
quartus_eda --read_settings_files=off --write_settings_files=off ex_fsm -c ex_fsm



