EDA Netlist Writer report for mealy
Sat Aug 11 14:08:29 2018
Quartus II 64-Bit Version 12.0 Build 178 05/31/2012 SJ Full Version


---------------------
; Table of Contents ;
---------------------
  1. Legal Notice
  2. EDA Netlist Writer Summary
  3. Simulation Settings
  4. Simulation Generated Files
  5. EDA Netlist Writer Messages



----------------
; Legal Notice ;
----------------
Copyright (C) 1991-2012 Altera Corporation
Your use of Altera Corporation's design tools, logic functions 
and other software and tools, and its AMPP partner logic 
functions, and any output files from any of the foregoing 
(including device programming or simulation files), and any 
associated documentation or information are expressly subject 
to the terms and conditions of the Altera Program License 
Subscription Agreement, Altera MegaCore Function License 
Agreement, or other applicable license agreement, including, 
without limitation, that your use is for the sole purpose of 
programming logic devices manufactured by Altera and sold by 
Altera or its authorized distributors.  Please refer to the 
applicable agreement for further details.



+-------------------------------------------------------------------+
; EDA Netlist Writer Summary                                        ;
+---------------------------+---------------------------------------+
; EDA Netlist Writer Status ; Successful - Sat Aug 11 14:08:29 2018 ;
; Revision Name             ; mealy                                 ;
; Top-level Entity Name     ; mealy                                 ;
; Family                    ; Cyclone IV E                          ;
; Simulation Files Creation ; Successful                            ;
+---------------------------+---------------------------------------+


+------------------------------------------------------------------------------------------------------------------------+
; Simulation Settings                                                                                                    ;
+---------------------------------------------------------------------------------------------------+--------------------+
; Option                                                                                            ; Setting            ;
+---------------------------------------------------------------------------------------------------+--------------------+
; Tool Name                                                                                         ; ModelSim (Verilog) ;
; Generate netlist for functional simulation only                                                   ; Off                ;
; Time scale                                                                                        ; 1 ps               ;
; Truncate long hierarchy paths                                                                     ; Off                ;
; Map illegal HDL characters                                                                        ; Off                ;
; Flatten buses into individual nodes                                                               ; Off                ;
; Maintain hierarchy                                                                                ; Off                ;
; Bring out device-wide set/reset signals as ports                                                  ; Off                ;
; Enable glitch filtering                                                                           ; Off                ;
; Do not write top level VHDL entity                                                                ; Off                ;
; Disable detection of setup and hold time violations in the input registers of bi-directional pins ; Off                ;
; Architecture name in VHDL output netlist                                                          ; structure          ;
; Generate third-party EDA tool command script for RTL functional simulation                        ; Off                ;
; Generate third-party EDA tool command script for gate-level simulation                            ; Off                ;
+---------------------------------------------------------------------------------------------------+--------------------+


+-----------------------------------------------------------------------------------------------+
; Simulation Generated Files                                                                    ;
+-----------------------------------------------------------------------------------------------+
; Generated Files                                                                               ;
+-----------------------------------------------------------------------------------------------+
; F:/SourceCode/FPGA/mealy/quartus_project/simulation/modelsim/mealy_7_1200mv_125c_slow.vo      ;
; F:/SourceCode/FPGA/mealy/quartus_project/simulation/modelsim/mealy_7_1200mv_-40c_slow.vo      ;
; F:/SourceCode/FPGA/mealy/quartus_project/simulation/modelsim/mealy_min_1200mv_-40c_fast.vo    ;
; F:/SourceCode/FPGA/mealy/quartus_project/simulation/modelsim/mealy.vo                         ;
; F:/SourceCode/FPGA/mealy/quartus_project/simulation/modelsim/mealy_7_1200mv_125c_v_slow.sdo   ;
; F:/SourceCode/FPGA/mealy/quartus_project/simulation/modelsim/mealy_7_1200mv_-40c_v_slow.sdo   ;
; F:/SourceCode/FPGA/mealy/quartus_project/simulation/modelsim/mealy_min_1200mv_-40c_v_fast.sdo ;
; F:/SourceCode/FPGA/mealy/quartus_project/simulation/modelsim/mealy_v.sdo                      ;
+-----------------------------------------------------------------------------------------------+


+-----------------------------+
; EDA Netlist Writer Messages ;
+-----------------------------+
Info: *******************************************************************
Info: Running Quartus II 64-Bit EDA Netlist Writer
    Info: Version 12.0 Build 178 05/31/2012 SJ Full Version
    Info: Processing started: Sat Aug 11 14:08:27 2018
Info: Command: quartus_eda --read_settings_files=off --write_settings_files=off mealy -c mealy
Info (204019): Generated file mealy_7_1200mv_125c_slow.vo in folder "F:/SourceCode/FPGA/mealy/quartus_project/simulation/modelsim/" for EDA simulation tool
Info (204019): Generated file mealy_7_1200mv_-40c_slow.vo in folder "F:/SourceCode/FPGA/mealy/quartus_project/simulation/modelsim/" for EDA simulation tool
Info (204019): Generated file mealy_min_1200mv_-40c_fast.vo in folder "F:/SourceCode/FPGA/mealy/quartus_project/simulation/modelsim/" for EDA simulation tool
Info (204019): Generated file mealy.vo in folder "F:/SourceCode/FPGA/mealy/quartus_project/simulation/modelsim/" for EDA simulation tool
Info (204019): Generated file mealy_7_1200mv_125c_v_slow.sdo in folder "F:/SourceCode/FPGA/mealy/quartus_project/simulation/modelsim/" for EDA simulation tool
Info (204019): Generated file mealy_7_1200mv_-40c_v_slow.sdo in folder "F:/SourceCode/FPGA/mealy/quartus_project/simulation/modelsim/" for EDA simulation tool
Info (204019): Generated file mealy_min_1200mv_-40c_v_fast.sdo in folder "F:/SourceCode/FPGA/mealy/quartus_project/simulation/modelsim/" for EDA simulation tool
Info (204019): Generated file mealy_v.sdo in folder "F:/SourceCode/FPGA/mealy/quartus_project/simulation/modelsim/" for EDA simulation tool
Info: Quartus II 64-Bit EDA Netlist Writer was successful. 0 errors, 0 warnings
    Info: Peak virtual memory: 351 megabytes
    Info: Processing ended: Sat Aug 11 14:08:29 2018
    Info: Elapsed time: 00:00:02
    Info: Total CPU time (on all processors): 00:00:01


