TimeQuest Timing Analyzer report for mealy
Sat Aug 11 14:08:26 2018
Quartus II 64-Bit Version 12.0 Build 178 05/31/2012 SJ Full Version


---------------------
; Table of Contents ;
---------------------
  1. Legal Notice
  2. TimeQuest Timing Analyzer Summary
  3. Parallel Compilation
  4. Clocks
  5. Slow 1200mV 125C Model Fmax Summary
  6. Slow 1200mV 125C Model Setup Summary
  7. Slow 1200mV 125C Model Hold Summary
  8. Slow 1200mV 125C Model Recovery Summary
  9. Slow 1200mV 125C Model Removal Summary
 10. Slow 1200mV 125C Model Minimum Pulse Width Summary
 11. Slow 1200mV 125C Model Setup: 'clk'
 12. Slow 1200mV 125C Model Hold: 'clk'
 13. Slow 1200mV 125C Model Minimum Pulse Width: 'clk'
 14. Setup Times
 15. Hold Times
 16. Clock to Output Times
 17. Minimum Clock to Output Times
 18. Slow 1200mV 125C Model Metastability Report
 19. Slow 1200mV -40C Model Fmax Summary
 20. Slow 1200mV -40C Model Setup Summary
 21. Slow 1200mV -40C Model Hold Summary
 22. Slow 1200mV -40C Model Recovery Summary
 23. Slow 1200mV -40C Model Removal Summary
 24. Slow 1200mV -40C Model Minimum Pulse Width Summary
 25. Slow 1200mV -40C Model Setup: 'clk'
 26. Slow 1200mV -40C Model Hold: 'clk'
 27. Slow 1200mV -40C Model Minimum Pulse Width: 'clk'
 28. Setup Times
 29. Hold Times
 30. Clock to Output Times
 31. Minimum Clock to Output Times
 32. Slow 1200mV -40C Model Metastability Report
 33. Fast 1200mV -40C Model Setup Summary
 34. Fast 1200mV -40C Model Hold Summary
 35. Fast 1200mV -40C Model Recovery Summary
 36. Fast 1200mV -40C Model Removal Summary
 37. Fast 1200mV -40C Model Minimum Pulse Width Summary
 38. Fast 1200mV -40C Model Setup: 'clk'
 39. Fast 1200mV -40C Model Hold: 'clk'
 40. Fast 1200mV -40C Model Minimum Pulse Width: 'clk'
 41. Setup Times
 42. Hold Times
 43. Clock to Output Times
 44. Minimum Clock to Output Times
 45. Fast 1200mV -40C Model Metastability Report
 46. Multicorner Timing Analysis Summary
 47. Setup Times
 48. Hold Times
 49. Clock to Output Times
 50. Minimum Clock to Output Times
 51. Board Trace Model Assignments
 52. Input Transition Times
 53. Signal Integrity Metrics (Slow 1200mv n40c Model)
 54. Signal Integrity Metrics (Slow 1200mv 125c Model)
 55. Signal Integrity Metrics (Fast 1200mv n40c Model)
 56. Setup Transfers
 57. Hold Transfers
 58. Report TCCS
 59. Report RSKM
 60. Unconstrained Paths
 61. TimeQuest Timing Analyzer Messages



----------------
; Legal Notice ;
----------------
Copyright (C) 1991-2012 Altera Corporation
Your use of Altera Corporation's design tools, logic functions 
and other software and tools, and its AMPP partner logic 
functions, and any output files from any of the foregoing 
(including device programming or simulation files), and any 
associated documentation or information are expressly subject 
to the terms and conditions of the Altera Program License 
Subscription Agreement, Altera MegaCore Function License 
Agreement, or other applicable license agreement, including, 
without limitation, that your use is for the sole purpose of 
programming logic devices manufactured by Altera and sold by 
Altera or its authorized distributors.  Please refer to the 
applicable agreement for further details.



+------------------------------------------------------------------------+
; TimeQuest Timing Analyzer Summary                                      ;
+--------------------+---------------------------------------------------+
; Quartus II Version ; Version 12.0 Build 178 05/31/2012 SJ Full Version ;
; Revision Name      ; mealy                                             ;
; Device Family      ; Cyclone IV E                                      ;
; Device Name        ; EP4CE6E22A7                                       ;
; Timing Models      ; Final                                             ;
; Delay Model        ; Combined                                          ;
; Rise/Fall Delays   ; Enabled                                           ;
+--------------------+---------------------------------------------------+


+------------------------------------------+
; Parallel Compilation                     ;
+----------------------------+-------------+
; Processors                 ; Number      ;
+----------------------------+-------------+
; Number detected on machine ; 2           ;
; Maximum allowed            ; 2           ;
;                            ;             ;
; Average used               ; 1.00        ;
; Maximum used               ; 2           ;
;                            ;             ;
; Usage by Processor         ; % Time Used ;
;     1 processor            ; 100.0%      ;
;     2 processors           ; < 0.1%      ;
+----------------------------+-------------+


+---------------------------------------------------------------------------------------------------------------------------------------------------------------------------------+
; Clocks                                                                                                                                                                          ;
+------------+------+--------+------------+-------+-------+------------+-----------+-------------+-------+--------+-----------+------------+----------+--------+--------+---------+
; Clock Name ; Type ; Period ; Frequency  ; Rise  ; Fall  ; Duty Cycle ; Divide by ; Multiply by ; Phase ; Offset ; Edge List ; Edge Shift ; Inverted ; Master ; Source ; Targets ;
+------------+------+--------+------------+-------+-------+------------+-----------+-------------+-------+--------+-----------+------------+----------+--------+--------+---------+
; clk        ; Base ; 1.000  ; 1000.0 MHz ; 0.000 ; 0.500 ;            ;           ;             ;       ;        ;           ;            ;          ;        ;        ; { clk } ;
+------------+------+--------+------------+-------+-------+------------+-----------+-------------+-------+--------+-----------+------------+----------+--------+--------+---------+


+-----------------------------------------------------------------------------------------------------------+
; Slow 1200mV 125C Model Fmax Summary                                                                       ;
+------------+-----------------+------------+---------------------------------------------------------------+
; Fmax       ; Restricted Fmax ; Clock Name ; Note                                                          ;
+------------+-----------------+------------+---------------------------------------------------------------+
; 795.54 MHz ; 250.0 MHz       ; clk        ; limit due to minimum period restriction (max I/O toggle rate) ;
+------------+-----------------+------------+---------------------------------------------------------------+
This panel reports FMAX for every clock in the design, regardless of the user-specified clock periods.  FMAX is only computed for paths where the source and destination registers or ports are driven by the same clock.  Paths of different clocks, including generated clocks, are ignored.  For paths between a clock and its inversion, FMAX is computed as if the rising and falling edges are scaled along with FMAX, such that the duty cycle (in terms of a percentage) is maintained. Altera recommends that you always use clock constraints and other slack reports for sign-off analysis.


+--------------------------------------+
; Slow 1200mV 125C Model Setup Summary ;
+-------+--------+---------------------+
; Clock ; Slack  ; End Point TNS       ;
+-------+--------+---------------------+
; clk   ; -0.257 ; -0.316              ;
+-------+--------+---------------------+


+-------------------------------------+
; Slow 1200mV 125C Model Hold Summary ;
+-------+-------+---------------------+
; Clock ; Slack ; End Point TNS       ;
+-------+-------+---------------------+
; clk   ; 0.428 ; 0.000               ;
+-------+-------+---------------------+


-------------------------------------------
; Slow 1200mV 125C Model Recovery Summary ;
-------------------------------------------
No paths to report.


------------------------------------------
; Slow 1200mV 125C Model Removal Summary ;
------------------------------------------
No paths to report.


+----------------------------------------------------+
; Slow 1200mV 125C Model Minimum Pulse Width Summary ;
+-------+--------+-----------------------------------+
; Clock ; Slack  ; End Point TNS                     ;
+-------+--------+-----------------------------------+
; clk   ; -3.000 ; -13.409                           ;
+-------+--------+-----------------------------------+


+--------------------------------------------------------------------------------------------------------------------+
; Slow 1200mV 125C Model Setup: 'clk'                                                                                ;
+--------+------------------+------------------+--------------+-------------+--------------+------------+------------+
; Slack  ; From Node        ; To Node          ; Launch Clock ; Latch Clock ; Relationship ; Clock Skew ; Data Delay ;
+--------+------------------+------------------+--------------+-------------+--------------+------------+------------+
; -0.257 ; Current_State.S5 ; Current_State.S6 ; clk          ; clk         ; 1.000        ; -0.075     ; 1.179      ;
; -0.059 ; Current_State.S6 ; Current_State.S3 ; clk          ; clk         ; 1.000        ; -0.075     ; 0.981      ;
; 0.097  ; Current_State.S4 ; Current_State.S5 ; clk          ; clk         ; 1.000        ; -0.075     ; 0.825      ;
; 0.099  ; Current_State.S4 ; Current_State.S1 ; clk          ; clk         ; 1.000        ; -0.075     ; 0.823      ;
; 0.104  ; Current_State.S1 ; Current_State.S2 ; clk          ; clk         ; 1.000        ; -0.075     ; 0.818      ;
; 0.108  ; Current_State.S5 ; k~reg0           ; clk          ; clk         ; 1.000        ; -0.075     ; 0.814      ;
; 0.108  ; Current_State.S2 ; Current_State.S3 ; clk          ; clk         ; 1.000        ; -0.075     ; 0.814      ;
; 0.109  ; Current_State.S3 ; Current_State.S4 ; clk          ; clk         ; 1.000        ; -0.075     ; 0.813      ;
; 0.159  ; Current_State.S4 ; Current_State.S4 ; clk          ; clk         ; 1.000        ; -0.075     ; 0.763      ;
+--------+------------------+------------------+--------------+-------------+--------------+------------+------------+


+-------------------------------------------------------------------------------------------------------------------+
; Slow 1200mV 125C Model Hold: 'clk'                                                                                ;
+-------+------------------+------------------+--------------+-------------+--------------+------------+------------+
; Slack ; From Node        ; To Node          ; Launch Clock ; Latch Clock ; Relationship ; Clock Skew ; Data Delay ;
+-------+------------------+------------------+--------------+-------------+--------------+------------+------------+
; 0.428 ; Current_State.S4 ; Current_State.S4 ; clk          ; clk         ; 0.000        ; 0.075      ; 0.692      ;
; 0.440 ; Current_State.S1 ; Current_State.S2 ; clk          ; clk         ; 0.000        ; 0.075      ; 0.704      ;
; 0.445 ; Current_State.S2 ; Current_State.S3 ; clk          ; clk         ; 0.000        ; 0.075      ; 0.709      ;
; 0.445 ; Current_State.S5 ; k~reg0           ; clk          ; clk         ; 0.000        ; 0.075      ; 0.709      ;
; 0.446 ; Current_State.S3 ; Current_State.S4 ; clk          ; clk         ; 0.000        ; 0.075      ; 0.710      ;
; 0.453 ; Current_State.S4 ; Current_State.S1 ; clk          ; clk         ; 0.000        ; 0.075      ; 0.717      ;
; 0.453 ; Current_State.S4 ; Current_State.S5 ; clk          ; clk         ; 0.000        ; 0.075      ; 0.717      ;
; 0.573 ; Current_State.S6 ; Current_State.S3 ; clk          ; clk         ; 0.000        ; 0.075      ; 0.837      ;
; 0.797 ; Current_State.S5 ; Current_State.S6 ; clk          ; clk         ; 0.000        ; 0.075      ; 1.061      ;
+-------+------------------+------------------+--------------+-------------+--------------+------------+------------+


+------------------------------------------------------------------------------------------------------------+
; Slow 1200mV 125C Model Minimum Pulse Width: 'clk'                                                          ;
+--------+--------------+----------------+------------------+-------+------------+---------------------------+
; Slack  ; Actual Width ; Required Width ; Type             ; Clock ; Clock Edge ; Target                    ;
+--------+--------------+----------------+------------------+-------+------------+---------------------------+
; -3.000 ; 1.000        ; 4.000          ; Port Rate        ; clk   ; Rise       ; clk                       ;
; -1.487 ; 1.000        ; 2.487          ; Min Period       ; clk   ; Rise       ; Current_State.S1          ;
; -1.487 ; 1.000        ; 2.487          ; Min Period       ; clk   ; Rise       ; Current_State.S2          ;
; -1.487 ; 1.000        ; 2.487          ; Min Period       ; clk   ; Rise       ; Current_State.S3          ;
; -1.487 ; 1.000        ; 2.487          ; Min Period       ; clk   ; Rise       ; Current_State.S4          ;
; -1.487 ; 1.000        ; 2.487          ; Min Period       ; clk   ; Rise       ; Current_State.S5          ;
; -1.487 ; 1.000        ; 2.487          ; Min Period       ; clk   ; Rise       ; Current_State.S6          ;
; -1.487 ; 1.000        ; 2.487          ; Min Period       ; clk   ; Rise       ; k~reg0                    ;
; 0.224  ; 0.414        ; 0.190          ; Low Pulse Width  ; clk   ; Rise       ; Current_State.S1          ;
; 0.224  ; 0.414        ; 0.190          ; Low Pulse Width  ; clk   ; Rise       ; Current_State.S2          ;
; 0.224  ; 0.414        ; 0.190          ; Low Pulse Width  ; clk   ; Rise       ; Current_State.S3          ;
; 0.224  ; 0.414        ; 0.190          ; Low Pulse Width  ; clk   ; Rise       ; Current_State.S4          ;
; 0.224  ; 0.414        ; 0.190          ; Low Pulse Width  ; clk   ; Rise       ; Current_State.S5          ;
; 0.224  ; 0.414        ; 0.190          ; Low Pulse Width  ; clk   ; Rise       ; Current_State.S6          ;
; 0.224  ; 0.414        ; 0.190          ; Low Pulse Width  ; clk   ; Rise       ; k~reg0                    ;
; 0.363  ; 0.585        ; 0.222          ; High Pulse Width ; clk   ; Rise       ; Current_State.S1          ;
; 0.363  ; 0.585        ; 0.222          ; High Pulse Width ; clk   ; Rise       ; Current_State.S2          ;
; 0.363  ; 0.585        ; 0.222          ; High Pulse Width ; clk   ; Rise       ; Current_State.S3          ;
; 0.363  ; 0.585        ; 0.222          ; High Pulse Width ; clk   ; Rise       ; Current_State.S4          ;
; 0.363  ; 0.585        ; 0.222          ; High Pulse Width ; clk   ; Rise       ; Current_State.S5          ;
; 0.363  ; 0.585        ; 0.222          ; High Pulse Width ; clk   ; Rise       ; Current_State.S6          ;
; 0.363  ; 0.585        ; 0.222          ; High Pulse Width ; clk   ; Rise       ; k~reg0                    ;
; 0.380  ; 0.380        ; 0.000          ; Low Pulse Width  ; clk   ; Rise       ; Current_State.S1|clk      ;
; 0.380  ; 0.380        ; 0.000          ; Low Pulse Width  ; clk   ; Rise       ; Current_State.S2|clk      ;
; 0.380  ; 0.380        ; 0.000          ; Low Pulse Width  ; clk   ; Rise       ; Current_State.S3|clk      ;
; 0.380  ; 0.380        ; 0.000          ; Low Pulse Width  ; clk   ; Rise       ; Current_State.S4|clk      ;
; 0.380  ; 0.380        ; 0.000          ; Low Pulse Width  ; clk   ; Rise       ; Current_State.S5|clk      ;
; 0.380  ; 0.380        ; 0.000          ; Low Pulse Width  ; clk   ; Rise       ; Current_State.S6|clk      ;
; 0.380  ; 0.380        ; 0.000          ; Low Pulse Width  ; clk   ; Rise       ; k~reg0|clk                ;
; 0.384  ; 0.384        ; 0.000          ; Low Pulse Width  ; clk   ; Rise       ; clk~input|o               ;
; 0.407  ; 0.407        ; 0.000          ; Low Pulse Width  ; clk   ; Rise       ; clk~inputclkctrl|inclk[0] ;
; 0.407  ; 0.407        ; 0.000          ; Low Pulse Width  ; clk   ; Rise       ; clk~inputclkctrl|outclk   ;
; 0.500  ; 0.500        ; 0.000          ; High Pulse Width ; clk   ; Rise       ; clk~input|i               ;
; 0.500  ; 0.500        ; 0.000          ; Low Pulse Width  ; clk   ; Rise       ; clk~input|i               ;
; 0.592  ; 0.592        ; 0.000          ; High Pulse Width ; clk   ; Rise       ; clk~inputclkctrl|inclk[0] ;
; 0.592  ; 0.592        ; 0.000          ; High Pulse Width ; clk   ; Rise       ; clk~inputclkctrl|outclk   ;
; 0.616  ; 0.616        ; 0.000          ; High Pulse Width ; clk   ; Rise       ; clk~input|o               ;
; 0.619  ; 0.619        ; 0.000          ; High Pulse Width ; clk   ; Rise       ; Current_State.S1|clk      ;
; 0.619  ; 0.619        ; 0.000          ; High Pulse Width ; clk   ; Rise       ; Current_State.S2|clk      ;
; 0.619  ; 0.619        ; 0.000          ; High Pulse Width ; clk   ; Rise       ; Current_State.S3|clk      ;
; 0.619  ; 0.619        ; 0.000          ; High Pulse Width ; clk   ; Rise       ; Current_State.S4|clk      ;
; 0.619  ; 0.619        ; 0.000          ; High Pulse Width ; clk   ; Rise       ; Current_State.S5|clk      ;
; 0.619  ; 0.619        ; 0.000          ; High Pulse Width ; clk   ; Rise       ; Current_State.S6|clk      ;
; 0.619  ; 0.619        ; 0.000          ; High Pulse Width ; clk   ; Rise       ; k~reg0|clk                ;
+--------+--------------+----------------+------------------+-------+------------+---------------------------+


+-----------------------------------------------------------------------+
; Setup Times                                                           ;
+-----------+------------+-------+-------+------------+-----------------+
; Data Port ; Clock Port ; Rise  ; Fall  ; Clock Edge ; Clock Reference ;
+-----------+------------+-------+-------+------------+-----------------+
; A         ; clk        ; 2.139 ; 2.588 ; Rise       ; clk             ;
+-----------+------------+-------+-------+------------+-----------------+


+-------------------------------------------------------------------------+
; Hold Times                                                              ;
+-----------+------------+--------+--------+------------+-----------------+
; Data Port ; Clock Port ; Rise   ; Fall   ; Clock Edge ; Clock Reference ;
+-----------+------------+--------+--------+------------+-----------------+
; A         ; clk        ; -1.331 ; -1.748 ; Rise       ; clk             ;
+-----------+------------+--------+--------+------------+-----------------+


+-----------------------------------------------------------------------+
; Clock to Output Times                                                 ;
+-----------+------------+-------+-------+------------+-----------------+
; Data Port ; Clock Port ; Rise  ; Fall  ; Clock Edge ; Clock Reference ;
+-----------+------------+-------+-------+------------+-----------------+
; k         ; clk        ; 6.097 ; 6.129 ; Rise       ; clk             ;
+-----------+------------+-------+-------+------------+-----------------+


+-----------------------------------------------------------------------+
; Minimum Clock to Output Times                                         ;
+-----------+------------+-------+-------+------------+-----------------+
; Data Port ; Clock Port ; Rise  ; Fall  ; Clock Edge ; Clock Reference ;
+-----------+------------+-------+-------+------------+-----------------+
; k         ; clk        ; 5.907 ; 5.938 ; Rise       ; clk             ;
+-----------+------------+-------+-------+------------+-----------------+


-----------------------------------------------
; Slow 1200mV 125C Model Metastability Report ;
-----------------------------------------------
No synchronizer chains to report.


+-----------------------------------------------------------------------------------------------------------+
; Slow 1200mV -40C Model Fmax Summary                                                                       ;
+------------+-----------------+------------+---------------------------------------------------------------+
; Fmax       ; Restricted Fmax ; Clock Name ; Note                                                          ;
+------------+-----------------+------------+---------------------------------------------------------------+
; 948.77 MHz ; 250.0 MHz       ; clk        ; limit due to minimum period restriction (max I/O toggle rate) ;
+------------+-----------------+------------+---------------------------------------------------------------+
This panel reports FMAX for every clock in the design, regardless of the user-specified clock periods.  FMAX is only computed for paths where the source and destination registers or ports are driven by the same clock.  Paths of different clocks, including generated clocks, are ignored.  For paths between a clock and its inversion, FMAX is computed as if the rising and falling edges are scaled along with FMAX, such that the duty cycle (in terms of a percentage) is maintained. Altera recommends that you always use clock constraints and other slack reports for sign-off analysis.


+--------------------------------------+
; Slow 1200mV -40C Model Setup Summary ;
+-------+--------+---------------------+
; Clock ; Slack  ; End Point TNS       ;
+-------+--------+---------------------+
; clk   ; -0.054 ; -0.054              ;
+-------+--------+---------------------+


+-------------------------------------+
; Slow 1200mV -40C Model Hold Summary ;
+-------+-------+---------------------+
; Clock ; Slack ; End Point TNS       ;
+-------+-------+---------------------+
; clk   ; 0.343 ; 0.000               ;
+-------+-------+---------------------+


-------------------------------------------
; Slow 1200mV -40C Model Recovery Summary ;
-------------------------------------------
No paths to report.


------------------------------------------
; Slow 1200mV -40C Model Removal Summary ;
------------------------------------------
No paths to report.


+----------------------------------------------------+
; Slow 1200mV -40C Model Minimum Pulse Width Summary ;
+-------+--------+-----------------------------------+
; Clock ; Slack  ; End Point TNS                     ;
+-------+--------+-----------------------------------+
; clk   ; -3.000 ; -11.995                           ;
+-------+--------+-----------------------------------+


+--------------------------------------------------------------------------------------------------------------------+
; Slow 1200mV -40C Model Setup: 'clk'                                                                                ;
+--------+------------------+------------------+--------------+-------------+--------------+------------+------------+
; Slack  ; From Node        ; To Node          ; Launch Clock ; Latch Clock ; Relationship ; Clock Skew ; Data Delay ;
+--------+------------------+------------------+--------------+-------------+--------------+------------+------------+
; -0.054 ; Current_State.S5 ; Current_State.S6 ; clk          ; clk         ; 1.000        ; -0.063     ; 0.991      ;
; 0.109  ; Current_State.S6 ; Current_State.S3 ; clk          ; clk         ; 1.000        ; -0.063     ; 0.828      ;
; 0.234  ; Current_State.S1 ; Current_State.S2 ; clk          ; clk         ; 1.000        ; -0.063     ; 0.703      ;
; 0.244  ; Current_State.S4 ; Current_State.S1 ; clk          ; clk         ; 1.000        ; -0.063     ; 0.693      ;
; 0.244  ; Current_State.S4 ; Current_State.S5 ; clk          ; clk         ; 1.000        ; -0.063     ; 0.693      ;
; 0.252  ; Current_State.S5 ; k~reg0           ; clk          ; clk         ; 1.000        ; -0.063     ; 0.685      ;
; 0.252  ; Current_State.S2 ; Current_State.S3 ; clk          ; clk         ; 1.000        ; -0.063     ; 0.685      ;
; 0.253  ; Current_State.S3 ; Current_State.S4 ; clk          ; clk         ; 1.000        ; -0.063     ; 0.684      ;
; 0.299  ; Current_State.S4 ; Current_State.S4 ; clk          ; clk         ; 1.000        ; -0.063     ; 0.638      ;
+--------+------------------+------------------+--------------+-------------+--------------+------------+------------+


+-------------------------------------------------------------------------------------------------------------------+
; Slow 1200mV -40C Model Hold: 'clk'                                                                                ;
+-------+------------------+------------------+--------------+-------------+--------------+------------+------------+
; Slack ; From Node        ; To Node          ; Launch Clock ; Latch Clock ; Relationship ; Clock Skew ; Data Delay ;
+-------+------------------+------------------+--------------+-------------+--------------+------------+------------+
; 0.343 ; Current_State.S4 ; Current_State.S4 ; clk          ; clk         ; 0.000        ; 0.063      ; 0.574      ;
; 0.379 ; Current_State.S1 ; Current_State.S2 ; clk          ; clk         ; 0.000        ; 0.063      ; 0.610      ;
; 0.396 ; Current_State.S2 ; Current_State.S3 ; clk          ; clk         ; 0.000        ; 0.063      ; 0.627      ;
; 0.396 ; Current_State.S3 ; Current_State.S4 ; clk          ; clk         ; 0.000        ; 0.063      ; 0.627      ;
; 0.397 ; Current_State.S5 ; k~reg0           ; clk          ; clk         ; 0.000        ; 0.063      ; 0.628      ;
; 0.402 ; Current_State.S4 ; Current_State.S1 ; clk          ; clk         ; 0.000        ; 0.063      ; 0.633      ;
; 0.402 ; Current_State.S4 ; Current_State.S5 ; clk          ; clk         ; 0.000        ; 0.063      ; 0.633      ;
; 0.506 ; Current_State.S6 ; Current_State.S3 ; clk          ; clk         ; 0.000        ; 0.063      ; 0.737      ;
; 0.705 ; Current_State.S5 ; Current_State.S6 ; clk          ; clk         ; 0.000        ; 0.063      ; 0.936      ;
+-------+------------------+------------------+--------------+-------------+--------------+------------+------------+


+------------------------------------------------------------------------------------------------------------+
; Slow 1200mV -40C Model Minimum Pulse Width: 'clk'                                                          ;
+--------+--------------+----------------+------------------+-------+------------+---------------------------+
; Slack  ; Actual Width ; Required Width ; Type             ; Clock ; Clock Edge ; Target                    ;
+--------+--------------+----------------+------------------+-------+------------+---------------------------+
; -3.000 ; 1.000        ; 4.000          ; Port Rate        ; clk   ; Rise       ; clk                       ;
; -1.285 ; 1.000        ; 2.285          ; Min Period       ; clk   ; Rise       ; Current_State.S1          ;
; -1.285 ; 1.000        ; 2.285          ; Min Period       ; clk   ; Rise       ; Current_State.S2          ;
; -1.285 ; 1.000        ; 2.285          ; Min Period       ; clk   ; Rise       ; Current_State.S3          ;
; -1.285 ; 1.000        ; 2.285          ; Min Period       ; clk   ; Rise       ; Current_State.S4          ;
; -1.285 ; 1.000        ; 2.285          ; Min Period       ; clk   ; Rise       ; Current_State.S5          ;
; -1.285 ; 1.000        ; 2.285          ; Min Period       ; clk   ; Rise       ; Current_State.S6          ;
; -1.285 ; 1.000        ; 2.285          ; Min Period       ; clk   ; Rise       ; k~reg0                    ;
; 0.256  ; 0.442        ; 0.186          ; Low Pulse Width  ; clk   ; Rise       ; Current_State.S1          ;
; 0.256  ; 0.442        ; 0.186          ; Low Pulse Width  ; clk   ; Rise       ; Current_State.S2          ;
; 0.256  ; 0.442        ; 0.186          ; Low Pulse Width  ; clk   ; Rise       ; Current_State.S3          ;
; 0.256  ; 0.442        ; 0.186          ; Low Pulse Width  ; clk   ; Rise       ; Current_State.S4          ;
; 0.256  ; 0.442        ; 0.186          ; Low Pulse Width  ; clk   ; Rise       ; Current_State.S5          ;
; 0.256  ; 0.442        ; 0.186          ; Low Pulse Width  ; clk   ; Rise       ; Current_State.S6          ;
; 0.256  ; 0.442        ; 0.186          ; Low Pulse Width  ; clk   ; Rise       ; k~reg0                    ;
; 0.339  ; 0.557        ; 0.218          ; High Pulse Width ; clk   ; Rise       ; Current_State.S1          ;
; 0.339  ; 0.557        ; 0.218          ; High Pulse Width ; clk   ; Rise       ; Current_State.S2          ;
; 0.339  ; 0.557        ; 0.218          ; High Pulse Width ; clk   ; Rise       ; Current_State.S3          ;
; 0.339  ; 0.557        ; 0.218          ; High Pulse Width ; clk   ; Rise       ; Current_State.S4          ;
; 0.339  ; 0.557        ; 0.218          ; High Pulse Width ; clk   ; Rise       ; Current_State.S5          ;
; 0.339  ; 0.557        ; 0.218          ; High Pulse Width ; clk   ; Rise       ; Current_State.S6          ;
; 0.339  ; 0.557        ; 0.218          ; High Pulse Width ; clk   ; Rise       ; k~reg0                    ;
; 0.401  ; 0.401        ; 0.000          ; Low Pulse Width  ; clk   ; Rise       ; Current_State.S1|clk      ;
; 0.401  ; 0.401        ; 0.000          ; Low Pulse Width  ; clk   ; Rise       ; Current_State.S2|clk      ;
; 0.401  ; 0.401        ; 0.000          ; Low Pulse Width  ; clk   ; Rise       ; Current_State.S3|clk      ;
; 0.401  ; 0.401        ; 0.000          ; Low Pulse Width  ; clk   ; Rise       ; Current_State.S4|clk      ;
; 0.401  ; 0.401        ; 0.000          ; Low Pulse Width  ; clk   ; Rise       ; Current_State.S5|clk      ;
; 0.401  ; 0.401        ; 0.000          ; Low Pulse Width  ; clk   ; Rise       ; Current_State.S6|clk      ;
; 0.401  ; 0.401        ; 0.000          ; Low Pulse Width  ; clk   ; Rise       ; k~reg0|clk                ;
; 0.423  ; 0.423        ; 0.000          ; Low Pulse Width  ; clk   ; Rise       ; clk~input|o               ;
; 0.425  ; 0.425        ; 0.000          ; Low Pulse Width  ; clk   ; Rise       ; clk~inputclkctrl|inclk[0] ;
; 0.425  ; 0.425        ; 0.000          ; Low Pulse Width  ; clk   ; Rise       ; clk~inputclkctrl|outclk   ;
; 0.500  ; 0.500        ; 0.000          ; High Pulse Width ; clk   ; Rise       ; clk~input|i               ;
; 0.500  ; 0.500        ; 0.000          ; Low Pulse Width  ; clk   ; Rise       ; clk~input|i               ;
; 0.575  ; 0.575        ; 0.000          ; High Pulse Width ; clk   ; Rise       ; clk~inputclkctrl|inclk[0] ;
; 0.575  ; 0.575        ; 0.000          ; High Pulse Width ; clk   ; Rise       ; clk~inputclkctrl|outclk   ;
; 0.577  ; 0.577        ; 0.000          ; High Pulse Width ; clk   ; Rise       ; clk~input|o               ;
; 0.598  ; 0.598        ; 0.000          ; High Pulse Width ; clk   ; Rise       ; Current_State.S1|clk      ;
; 0.598  ; 0.598        ; 0.000          ; High Pulse Width ; clk   ; Rise       ; Current_State.S2|clk      ;
; 0.598  ; 0.598        ; 0.000          ; High Pulse Width ; clk   ; Rise       ; Current_State.S3|clk      ;
; 0.598  ; 0.598        ; 0.000          ; High Pulse Width ; clk   ; Rise       ; Current_State.S4|clk      ;
; 0.598  ; 0.598        ; 0.000          ; High Pulse Width ; clk   ; Rise       ; Current_State.S5|clk      ;
; 0.598  ; 0.598        ; 0.000          ; High Pulse Width ; clk   ; Rise       ; Current_State.S6|clk      ;
; 0.598  ; 0.598        ; 0.000          ; High Pulse Width ; clk   ; Rise       ; k~reg0|clk                ;
+--------+--------------+----------------+------------------+-------+------------+---------------------------+


+-----------------------------------------------------------------------+
; Setup Times                                                           ;
+-----------+------------+-------+-------+------------+-----------------+
; Data Port ; Clock Port ; Rise  ; Fall  ; Clock Edge ; Clock Reference ;
+-----------+------------+-------+-------+------------+-----------------+
; A         ; clk        ; 1.640 ; 1.858 ; Rise       ; clk             ;
+-----------+------------+-------+-------+------------+-----------------+


+-------------------------------------------------------------------------+
; Hold Times                                                              ;
+-----------+------------+--------+--------+------------+-----------------+
; Data Port ; Clock Port ; Rise   ; Fall   ; Clock Edge ; Clock Reference ;
+-----------+------------+--------+--------+------------+-----------------+
; A         ; clk        ; -0.933 ; -1.163 ; Rise       ; clk             ;
+-----------+------------+--------+--------+------------+-----------------+


+-----------------------------------------------------------------------+
; Clock to Output Times                                                 ;
+-----------+------------+-------+-------+------------+-----------------+
; Data Port ; Clock Port ; Rise  ; Fall  ; Clock Edge ; Clock Reference ;
+-----------+------------+-------+-------+------------+-----------------+
; k         ; clk        ; 5.110 ; 5.087 ; Rise       ; clk             ;
+-----------+------------+-------+-------+------------+-----------------+


+-----------------------------------------------------------------------+
; Minimum Clock to Output Times                                         ;
+-----------+------------+-------+-------+------------+-----------------+
; Data Port ; Clock Port ; Rise  ; Fall  ; Clock Edge ; Clock Reference ;
+-----------+------------+-------+-------+------------+-----------------+
; k         ; clk        ; 4.914 ; 4.891 ; Rise       ; clk             ;
+-----------+------------+-------+-------+------------+-----------------+


-----------------------------------------------
; Slow 1200mV -40C Model Metastability Report ;
-----------------------------------------------
No synchronizer chains to report.


+--------------------------------------+
; Fast 1200mV -40C Model Setup Summary ;
+-------+-------+----------------------+
; Clock ; Slack ; End Point TNS        ;
+-------+-------+----------------------+
; clk   ; 0.432 ; 0.000                ;
+-------+-------+----------------------+


+-------------------------------------+
; Fast 1200mV -40C Model Hold Summary ;
+-------+-------+---------------------+
; Clock ; Slack ; End Point TNS       ;
+-------+-------+---------------------+
; clk   ; 0.179 ; 0.000               ;
+-------+-------+---------------------+


-------------------------------------------
; Fast 1200mV -40C Model Recovery Summary ;
-------------------------------------------
No paths to report.


------------------------------------------
; Fast 1200mV -40C Model Removal Summary ;
------------------------------------------
No paths to report.


+----------------------------------------------------+
; Fast 1200mV -40C Model Minimum Pulse Width Summary ;
+-------+--------+-----------------------------------+
; Clock ; Slack  ; End Point TNS                     ;
+-------+--------+-----------------------------------+
; clk   ; -3.000 ; -10.420                           ;
+-------+--------+-----------------------------------+


+-------------------------------------------------------------------------------------------------------------------+
; Fast 1200mV -40C Model Setup: 'clk'                                                                               ;
+-------+------------------+------------------+--------------+-------------+--------------+------------+------------+
; Slack ; From Node        ; To Node          ; Launch Clock ; Latch Clock ; Relationship ; Clock Skew ; Data Delay ;
+-------+------------------+------------------+--------------+-------------+--------------+------------+------------+
; 0.432 ; Current_State.S5 ; Current_State.S6 ; clk          ; clk         ; 1.000        ; -0.035     ; 0.521      ;
; 0.524 ; Current_State.S6 ; Current_State.S3 ; clk          ; clk         ; 1.000        ; -0.035     ; 0.429      ;
; 0.589 ; Current_State.S4 ; Current_State.S1 ; clk          ; clk         ; 1.000        ; -0.035     ; 0.364      ;
; 0.589 ; Current_State.S4 ; Current_State.S5 ; clk          ; clk         ; 1.000        ; -0.035     ; 0.364      ;
; 0.594 ; Current_State.S5 ; k~reg0           ; clk          ; clk         ; 1.000        ; -0.035     ; 0.359      ;
; 0.594 ; Current_State.S2 ; Current_State.S3 ; clk          ; clk         ; 1.000        ; -0.035     ; 0.359      ;
; 0.595 ; Current_State.S3 ; Current_State.S4 ; clk          ; clk         ; 1.000        ; -0.035     ; 0.358      ;
; 0.596 ; Current_State.S1 ; Current_State.S2 ; clk          ; clk         ; 1.000        ; -0.035     ; 0.357      ;
; 0.618 ; Current_State.S4 ; Current_State.S4 ; clk          ; clk         ; 1.000        ; -0.035     ; 0.335      ;
+-------+------------------+------------------+--------------+-------------+--------------+------------+------------+


+-------------------------------------------------------------------------------------------------------------------+
; Fast 1200mV -40C Model Hold: 'clk'                                                                                ;
+-------+------------------+------------------+--------------+-------------+--------------+------------+------------+
; Slack ; From Node        ; To Node          ; Launch Clock ; Latch Clock ; Relationship ; Clock Skew ; Data Delay ;
+-------+------------------+------------------+--------------+-------------+--------------+------------+------------+
; 0.179 ; Current_State.S4 ; Current_State.S4 ; clk          ; clk         ; 0.000        ; 0.035      ; 0.296      ;
; 0.184 ; Current_State.S3 ; Current_State.S4 ; clk          ; clk         ; 0.000        ; 0.035      ; 0.301      ;
; 0.185 ; Current_State.S2 ; Current_State.S3 ; clk          ; clk         ; 0.000        ; 0.035      ; 0.302      ;
; 0.185 ; Current_State.S5 ; k~reg0           ; clk          ; clk         ; 0.000        ; 0.035      ; 0.302      ;
; 0.188 ; Current_State.S4 ; Current_State.S1 ; clk          ; clk         ; 0.000        ; 0.035      ; 0.305      ;
; 0.188 ; Current_State.S4 ; Current_State.S5 ; clk          ; clk         ; 0.000        ; 0.035      ; 0.305      ;
; 0.190 ; Current_State.S1 ; Current_State.S2 ; clk          ; clk         ; 0.000        ; 0.035      ; 0.307      ;
; 0.239 ; Current_State.S6 ; Current_State.S3 ; clk          ; clk         ; 0.000        ; 0.035      ; 0.356      ;
; 0.331 ; Current_State.S5 ; Current_State.S6 ; clk          ; clk         ; 0.000        ; 0.035      ; 0.448      ;
+-------+------------------+------------------+--------------+-------------+--------------+------------+------------+


+------------------------------------------------------------------------------------------------------------+
; Fast 1200mV -40C Model Minimum Pulse Width: 'clk'                                                          ;
+--------+--------------+----------------+------------------+-------+------------+---------------------------+
; Slack  ; Actual Width ; Required Width ; Type             ; Clock ; Clock Edge ; Target                    ;
+--------+--------------+----------------+------------------+-------+------------+---------------------------+
; -3.000 ; 1.000        ; 4.000          ; Port Rate        ; clk   ; Rise       ; clk                       ;
; -1.000 ; 1.000        ; 2.000          ; Min Period       ; clk   ; Rise       ; Current_State.S1          ;
; -1.000 ; 1.000        ; 2.000          ; Min Period       ; clk   ; Rise       ; Current_State.S2          ;
; -1.000 ; 1.000        ; 2.000          ; Min Period       ; clk   ; Rise       ; Current_State.S3          ;
; -1.000 ; 1.000        ; 2.000          ; Min Period       ; clk   ; Rise       ; Current_State.S4          ;
; -1.000 ; 1.000        ; 2.000          ; Min Period       ; clk   ; Rise       ; Current_State.S5          ;
; -1.000 ; 1.000        ; 2.000          ; Min Period       ; clk   ; Rise       ; Current_State.S6          ;
; -1.000 ; 1.000        ; 2.000          ; Min Period       ; clk   ; Rise       ; k~reg0                    ;
; -0.060 ; 0.124        ; 0.184          ; Low Pulse Width  ; clk   ; Rise       ; Current_State.S1          ;
; -0.060 ; 0.124        ; 0.184          ; Low Pulse Width  ; clk   ; Rise       ; Current_State.S2          ;
; -0.060 ; 0.124        ; 0.184          ; Low Pulse Width  ; clk   ; Rise       ; Current_State.S3          ;
; -0.060 ; 0.124        ; 0.184          ; Low Pulse Width  ; clk   ; Rise       ; Current_State.S4          ;
; -0.060 ; 0.124        ; 0.184          ; Low Pulse Width  ; clk   ; Rise       ; Current_State.S5          ;
; -0.060 ; 0.124        ; 0.184          ; Low Pulse Width  ; clk   ; Rise       ; Current_State.S6          ;
; -0.060 ; 0.124        ; 0.184          ; Low Pulse Width  ; clk   ; Rise       ; k~reg0                    ;
; 0.122  ; 0.122        ; 0.000          ; Low Pulse Width  ; clk   ; Rise       ; Current_State.S1|clk      ;
; 0.122  ; 0.122        ; 0.000          ; Low Pulse Width  ; clk   ; Rise       ; Current_State.S2|clk      ;
; 0.122  ; 0.122        ; 0.000          ; Low Pulse Width  ; clk   ; Rise       ; Current_State.S3|clk      ;
; 0.122  ; 0.122        ; 0.000          ; Low Pulse Width  ; clk   ; Rise       ; Current_State.S4|clk      ;
; 0.122  ; 0.122        ; 0.000          ; Low Pulse Width  ; clk   ; Rise       ; Current_State.S5|clk      ;
; 0.122  ; 0.122        ; 0.000          ; Low Pulse Width  ; clk   ; Rise       ; Current_State.S6|clk      ;
; 0.122  ; 0.122        ; 0.000          ; Low Pulse Width  ; clk   ; Rise       ; k~reg0|clk                ;
; 0.129  ; 0.129        ; 0.000          ; Low Pulse Width  ; clk   ; Rise       ; clk~input|o               ;
; 0.143  ; 0.143        ; 0.000          ; Low Pulse Width  ; clk   ; Rise       ; clk~inputclkctrl|inclk[0] ;
; 0.143  ; 0.143        ; 0.000          ; Low Pulse Width  ; clk   ; Rise       ; clk~inputclkctrl|outclk   ;
; 0.500  ; 0.500        ; 0.000          ; High Pulse Width ; clk   ; Rise       ; clk~input|i               ;
; 0.500  ; 0.500        ; 0.000          ; Low Pulse Width  ; clk   ; Rise       ; clk~input|i               ;
; 0.657  ; 0.873        ; 0.216          ; High Pulse Width ; clk   ; Rise       ; Current_State.S1          ;
; 0.657  ; 0.873        ; 0.216          ; High Pulse Width ; clk   ; Rise       ; Current_State.S2          ;
; 0.657  ; 0.873        ; 0.216          ; High Pulse Width ; clk   ; Rise       ; Current_State.S3          ;
; 0.657  ; 0.873        ; 0.216          ; High Pulse Width ; clk   ; Rise       ; Current_State.S4          ;
; 0.657  ; 0.873        ; 0.216          ; High Pulse Width ; clk   ; Rise       ; Current_State.S5          ;
; 0.657  ; 0.873        ; 0.216          ; High Pulse Width ; clk   ; Rise       ; Current_State.S6          ;
; 0.657  ; 0.873        ; 0.216          ; High Pulse Width ; clk   ; Rise       ; k~reg0                    ;
; 0.856  ; 0.856        ; 0.000          ; High Pulse Width ; clk   ; Rise       ; clk~inputclkctrl|inclk[0] ;
; 0.856  ; 0.856        ; 0.000          ; High Pulse Width ; clk   ; Rise       ; clk~inputclkctrl|outclk   ;
; 0.871  ; 0.871        ; 0.000          ; High Pulse Width ; clk   ; Rise       ; clk~input|o               ;
; 0.878  ; 0.878        ; 0.000          ; High Pulse Width ; clk   ; Rise       ; Current_State.S1|clk      ;
; 0.878  ; 0.878        ; 0.000          ; High Pulse Width ; clk   ; Rise       ; Current_State.S2|clk      ;
; 0.878  ; 0.878        ; 0.000          ; High Pulse Width ; clk   ; Rise       ; Current_State.S3|clk      ;
; 0.878  ; 0.878        ; 0.000          ; High Pulse Width ; clk   ; Rise       ; Current_State.S4|clk      ;
; 0.878  ; 0.878        ; 0.000          ; High Pulse Width ; clk   ; Rise       ; Current_State.S5|clk      ;
; 0.878  ; 0.878        ; 0.000          ; High Pulse Width ; clk   ; Rise       ; Current_State.S6|clk      ;
; 0.878  ; 0.878        ; 0.000          ; High Pulse Width ; clk   ; Rise       ; k~reg0|clk                ;
+--------+--------------+----------------+------------------+-------+------------+---------------------------+


+-----------------------------------------------------------------------+
; Setup Times                                                           ;
+-----------+------------+-------+-------+------------+-----------------+
; Data Port ; Clock Port ; Rise  ; Fall  ; Clock Edge ; Clock Reference ;
+-----------+------------+-------+-------+------------+-----------------+
; A         ; clk        ; 0.934 ; 1.495 ; Rise       ; clk             ;
+-----------+------------+-------+-------+------------+-----------------+


+-------------------------------------------------------------------------+
; Hold Times                                                              ;
+-----------+------------+--------+--------+------------+-----------------+
; Data Port ; Clock Port ; Rise   ; Fall   ; Clock Edge ; Clock Reference ;
+-----------+------------+--------+--------+------------+-----------------+
; A         ; clk        ; -0.584 ; -1.116 ; Rise       ; clk             ;
+-----------+------------+--------+--------+------------+-----------------+


+-----------------------------------------------------------------------+
; Clock to Output Times                                                 ;
+-----------+------------+-------+-------+------------+-----------------+
; Data Port ; Clock Port ; Rise  ; Fall  ; Clock Edge ; Clock Reference ;
+-----------+------------+-------+-------+------------+-----------------+
; k         ; clk        ; 2.922 ; 2.986 ; Rise       ; clk             ;
+-----------+------------+-------+-------+------------+-----------------+


+-----------------------------------------------------------------------+
; Minimum Clock to Output Times                                         ;
+-----------+------------+-------+-------+------------+-----------------+
; Data Port ; Clock Port ; Rise  ; Fall  ; Clock Edge ; Clock Reference ;
+-----------+------------+-------+-------+------------+-----------------+
; k         ; clk        ; 2.830 ; 2.893 ; Rise       ; clk             ;
+-----------+------------+-------+-------+------------+-----------------+


-----------------------------------------------
; Fast 1200mV -40C Model Metastability Report ;
-----------------------------------------------
No synchronizer chains to report.


+------------------------------------------------------------------------------+
; Multicorner Timing Analysis Summary                                          ;
+------------------+--------+-------+----------+---------+---------------------+
; Clock            ; Setup  ; Hold  ; Recovery ; Removal ; Minimum Pulse Width ;
+------------------+--------+-------+----------+---------+---------------------+
; Worst-case Slack ; -0.257 ; 0.179 ; N/A      ; N/A     ; -3.000              ;
;  clk             ; -0.257 ; 0.179 ; N/A      ; N/A     ; -3.000              ;
; Design-wide TNS  ; -0.316 ; 0.0   ; 0.0      ; 0.0     ; -13.409             ;
;  clk             ; -0.316 ; 0.000 ; N/A      ; N/A     ; -13.409             ;
+------------------+--------+-------+----------+---------+---------------------+


+-----------------------------------------------------------------------+
; Setup Times                                                           ;
+-----------+------------+-------+-------+------------+-----------------+
; Data Port ; Clock Port ; Rise  ; Fall  ; Clock Edge ; Clock Reference ;
+-----------+------------+-------+-------+------------+-----------------+
; A         ; clk        ; 2.139 ; 2.588 ; Rise       ; clk             ;
+-----------+------------+-------+-------+------------+-----------------+


+-------------------------------------------------------------------------+
; Hold Times                                                              ;
+-----------+------------+--------+--------+------------+-----------------+
; Data Port ; Clock Port ; Rise   ; Fall   ; Clock Edge ; Clock Reference ;
+-----------+------------+--------+--------+------------+-----------------+
; A         ; clk        ; -0.584 ; -1.116 ; Rise       ; clk             ;
+-----------+------------+--------+--------+------------+-----------------+


+-----------------------------------------------------------------------+
; Clock to Output Times                                                 ;
+-----------+------------+-------+-------+------------+-----------------+
; Data Port ; Clock Port ; Rise  ; Fall  ; Clock Edge ; Clock Reference ;
+-----------+------------+-------+-------+------------+-----------------+
; k         ; clk        ; 6.097 ; 6.129 ; Rise       ; clk             ;
+-----------+------------+-------+-------+------------+-----------------+


+-----------------------------------------------------------------------+
; Minimum Clock to Output Times                                         ;
+-----------+------------+-------+-------+------------+-----------------+
; Data Port ; Clock Port ; Rise  ; Fall  ; Clock Edge ; Clock Reference ;
+-----------+------------+-------+-------+------------+-----------------+
; k         ; clk        ; 2.830 ; 2.893 ; Rise       ; clk             ;
+-----------+------------+-------+-------+------------+-----------------+


+------------------------------------------------------------------------------------------------------------------------------------------------------------------------------------------------------------------------------------------------------------------------------------------------------------------------------------------------------------------------------------------------------------------+
; Board Trace Model Assignments                                                                                                                                                                                                                                                                                                                                                                                    ;
+---------------+--------------+-------------------+-------------------------+-------------------------+---------------+---------------------+----------------+------------------+--------+------------------+------------------------+------------------------+--------------+---------------+-----------------+-------+---------------------+--------------------+---------------+-----------------+-------------+
; Pin           ; I/O Standard ; Near Tline Length ; Near Tline L per Length ; Near Tline C per Length ; Near Series R ; Near Differential R ; Near Pull-up R ; Near Pull-down R ; Near C ; Far Tline Length ; Far Tline L per Length ; Far Tline C per Length ; Far Series R ; Far Pull-up R ; Far Pull-down R ; Far C ; Termination Voltage ; Far Differential R ; EBD File Name ; EBD Signal Name ; EBD Far-end ;
+---------------+--------------+-------------------+-------------------------+-------------------------+---------------+---------------------+----------------+------------------+--------+------------------+------------------------+------------------------+--------------+---------------+-----------------+-------+---------------------+--------------------+---------------+-----------------+-------------+
; k             ; 2.5 V        ; 0 in              ; 0 H/in                  ; 0 F/in                  ; short         ; -                   ; open           ; open             ; open   ; 0 in             ; 0 H/in                 ; 0 F/in                 ; short        ; open          ; open            ; open  ; 0 V                 ; -                  ; n/a           ; n/a             ; n/a         ;
; ~ALTERA_DCLK~ ; 2.5 V        ; 0 in              ; 0 H/in                  ; 0 F/in                  ; short         ; -                   ; open           ; open             ; open   ; 0 in             ; 0 H/in                 ; 0 F/in                 ; short        ; open          ; open            ; open  ; 0 V                 ; -                  ; n/a           ; n/a             ; n/a         ;
; ~ALTERA_nCEO~ ; 2.5 V        ; 0 in              ; 0 H/in                  ; 0 F/in                  ; short         ; -                   ; open           ; open             ; open   ; 0 in             ; 0 H/in                 ; 0 F/in                 ; short        ; open          ; open            ; open  ; 0 V                 ; -                  ; n/a           ; n/a             ; n/a         ;
+---------------+--------------+-------------------+-------------------------+-------------------------+---------------+---------------------+----------------+------------------+--------+------------------+------------------------+------------------------+--------------+---------------+-----------------+-------+---------------------+--------------------+---------------+-----------------+-------------+


+----------------------------------------------------------------------------+
; Input Transition Times                                                     ;
+-------------------------+--------------+-----------------+-----------------+
; Pin                     ; I/O Standard ; 10-90 Rise Time ; 90-10 Fall Time ;
+-------------------------+--------------+-----------------+-----------------+
; A                       ; 2.5 V        ; 2000 ps         ; 2000 ps         ;
; clk                     ; 2.5 V        ; 2000 ps         ; 2000 ps         ;
; rst_n                   ; 2.5 V        ; 2000 ps         ; 2000 ps         ;
; ~ALTERA_ASDO_DATA1~     ; 2.5 V        ; 2000 ps         ; 2000 ps         ;
; ~ALTERA_FLASH_nCE_nCSO~ ; 2.5 V        ; 2000 ps         ; 2000 ps         ;
; ~ALTERA_DATA0~          ; 2.5 V        ; 2000 ps         ; 2000 ps         ;
+-------------------------+--------------+-----------------+-----------------+


+--------------------------------------------------------------------------------------------------------------------------------------------------------------------------------------------------------------------------------------------------------------------------------------------------------------------------------------------------------------------------------------------------------------------------------------------------------------------------------------------------------------------------------------------------------------------------------------------------------------------------------------------------------------------------------------------+
; Signal Integrity Metrics (Slow 1200mv n40c Model)                                                                                                                                                                                                                                                                                                                                                                                                                                                                                                                                                                                                                                          ;
+---------------+--------------+---------------------+---------------------+------------------------------+------------------------------+---------------------+---------------------+--------------------------------------+--------------------------------------+-----------------------------+-----------------------------+----------------------------+----------------------------+-----------------------------+-----------------------------+--------------------+--------------------+-------------------------------------+-------------------------------------+----------------------------+----------------------------+---------------------------+---------------------------+
; Pin           ; I/O Standard ; Board Delay on Rise ; Board Delay on Fall ; Steady State Voh at FPGA Pin ; Steady State Vol at FPGA Pin ; Voh Max at FPGA Pin ; Vol Min at FPGA Pin ; Ringback Voltage on Rise at FPGA Pin ; Ringback Voltage on Fall at FPGA Pin ; 10-90 Rise Time at FPGA Pin ; 90-10 Fall Time at FPGA Pin ; Monotonic Rise at FPGA Pin ; Monotonic Fall at FPGA Pin ; Steady State Voh at Far-end ; Steady State Vol at Far-end ; Voh Max at Far-end ; Vol Min at Far-end ; Ringback Voltage on Rise at Far-end ; Ringback Voltage on Fall at Far-end ; 10-90 Rise Time at Far-end ; 90-10 Fall Time at Far-end ; Monotonic Rise at Far-end ; Monotonic Fall at Far-end ;
+---------------+--------------+---------------------+---------------------+------------------------------+------------------------------+---------------------+---------------------+--------------------------------------+--------------------------------------+-----------------------------+-----------------------------+----------------------------+----------------------------+-----------------------------+-----------------------------+--------------------+--------------------+-------------------------------------+-------------------------------------+----------------------------+----------------------------+---------------------------+---------------------------+
; k             ; 2.5 V        ; 0 s                 ; 0 s                 ; 2.32 V                       ; 1.4e-09 V                    ; 2.39 V              ; -0.0122 V           ; 0.154 V                              ; 0.017 V                              ; 4.74e-10 s                  ; 4.5e-10 s                   ; No                         ; Yes                        ; 2.32 V                      ; 1.4e-09 V                   ; 2.39 V             ; -0.0122 V          ; 0.154 V                             ; 0.017 V                             ; 4.74e-10 s                 ; 4.5e-10 s                  ; No                        ; Yes                       ;
; ~ALTERA_DCLK~ ; 2.5 V        ; 0 s                 ; 0 s                 ; 2.32 V                       ; 1.16e-09 V                   ; 2.39 V              ; -0.0799 V           ; 0.13 V                               ; 0.103 V                              ; 2.71e-10 s                  ; 2.5e-10 s                   ; Yes                        ; Yes                        ; 2.32 V                      ; 1.16e-09 V                  ; 2.39 V             ; -0.0799 V          ; 0.13 V                              ; 0.103 V                             ; 2.71e-10 s                 ; 2.5e-10 s                  ; Yes                       ; Yes                       ;
; ~ALTERA_nCEO~ ; 2.5 V        ; 0 s                 ; 0 s                 ; 2.32 V                       ; 1.64e-09 V                   ; 2.39 V              ; -0.00331 V          ; 0.132 V                              ; 0.006 V                              ; 4.59e-10 s                  ; 5.62e-10 s                  ; No                         ; Yes                        ; 2.32 V                      ; 1.64e-09 V                  ; 2.39 V             ; -0.00331 V         ; 0.132 V                             ; 0.006 V                             ; 4.59e-10 s                 ; 5.62e-10 s                 ; No                        ; Yes                       ;
+---------------+--------------+---------------------+---------------------+------------------------------+------------------------------+---------------------+---------------------+--------------------------------------+--------------------------------------+-----------------------------+-----------------------------+----------------------------+----------------------------+-----------------------------+-----------------------------+--------------------+--------------------+-------------------------------------+-------------------------------------+----------------------------+----------------------------+---------------------------+---------------------------+


+--------------------------------------------------------------------------------------------------------------------------------------------------------------------------------------------------------------------------------------------------------------------------------------------------------------------------------------------------------------------------------------------------------------------------------------------------------------------------------------------------------------------------------------------------------------------------------------------------------------------------------------------------------------------------------------------+
; Signal Integrity Metrics (Slow 1200mv 125c Model)                                                                                                                                                                                                                                                                                                                                                                                                                                                                                                                                                                                                                                          ;
+---------------+--------------+---------------------+---------------------+------------------------------+------------------------------+---------------------+---------------------+--------------------------------------+--------------------------------------+-----------------------------+-----------------------------+----------------------------+----------------------------+-----------------------------+-----------------------------+--------------------+--------------------+-------------------------------------+-------------------------------------+----------------------------+----------------------------+---------------------------+---------------------------+
; Pin           ; I/O Standard ; Board Delay on Rise ; Board Delay on Fall ; Steady State Voh at FPGA Pin ; Steady State Vol at FPGA Pin ; Voh Max at FPGA Pin ; Vol Min at FPGA Pin ; Ringback Voltage on Rise at FPGA Pin ; Ringback Voltage on Fall at FPGA Pin ; 10-90 Rise Time at FPGA Pin ; 90-10 Fall Time at FPGA Pin ; Monotonic Rise at FPGA Pin ; Monotonic Fall at FPGA Pin ; Steady State Voh at Far-end ; Steady State Vol at Far-end ; Voh Max at Far-end ; Vol Min at Far-end ; Ringback Voltage on Rise at Far-end ; Ringback Voltage on Fall at Far-end ; 10-90 Rise Time at Far-end ; 90-10 Fall Time at Far-end ; Monotonic Rise at Far-end ; Monotonic Fall at Far-end ;
+---------------+--------------+---------------------+---------------------+------------------------------+------------------------------+---------------------+---------------------+--------------------------------------+--------------------------------------+-----------------------------+-----------------------------+----------------------------+----------------------------+-----------------------------+-----------------------------+--------------------+--------------------+-------------------------------------+-------------------------------------+----------------------------+----------------------------+---------------------------+---------------------------+
; k             ; 2.5 V        ; 0 s                 ; 0 s                 ; 2.32 V                       ; 2.91e-06 V                   ; 2.34 V              ; -0.0096 V           ; 0.063 V                              ; 0.023 V                              ; 6.92e-10 s                  ; 6.75e-10 s                  ; Yes                        ; Yes                        ; 2.32 V                      ; 2.91e-06 V                  ; 2.34 V             ; -0.0096 V          ; 0.063 V                             ; 0.023 V                             ; 6.92e-10 s                 ; 6.75e-10 s                 ; Yes                       ; Yes                       ;
; ~ALTERA_DCLK~ ; 2.5 V        ; 0 s                 ; 0 s                 ; 2.32 V                       ; 2.33e-06 V                   ; 2.35 V              ; -0.00598 V          ; 0.095 V                              ; 0.012 V                              ; 4.54e-10 s                  ; 3.98e-10 s                  ; Yes                        ; Yes                        ; 2.32 V                      ; 2.33e-06 V                  ; 2.35 V             ; -0.00598 V         ; 0.095 V                             ; 0.012 V                             ; 4.54e-10 s                 ; 3.98e-10 s                 ; Yes                       ; Yes                       ;
; ~ALTERA_nCEO~ ; 2.5 V        ; 0 s                 ; 0 s                 ; 2.32 V                       ; 3.86e-06 V                   ; 2.34 V              ; -0.00776 V          ; 0.107 V                              ; 0.033 V                              ; 6.63e-10 s                  ; 8.55e-10 s                  ; Yes                        ; Yes                        ; 2.32 V                      ; 3.86e-06 V                  ; 2.34 V             ; -0.00776 V         ; 0.107 V                             ; 0.033 V                             ; 6.63e-10 s                 ; 8.55e-10 s                 ; Yes                       ; Yes                       ;
+---------------+--------------+---------------------+---------------------+------------------------------+------------------------------+---------------------+---------------------+--------------------------------------+--------------------------------------+-----------------------------+-----------------------------+----------------------------+----------------------------+-----------------------------+-----------------------------+--------------------+--------------------+-------------------------------------+-------------------------------------+----------------------------+----------------------------+---------------------------+---------------------------+


+--------------------------------------------------------------------------------------------------------------------------------------------------------------------------------------------------------------------------------------------------------------------------------------------------------------------------------------------------------------------------------------------------------------------------------------------------------------------------------------------------------------------------------------------------------------------------------------------------------------------------------------------------------------------------------------------+
; Signal Integrity Metrics (Fast 1200mv n40c Model)                                                                                                                                                                                                                                                                                                                                                                                                                                                                                                                                                                                                                                          ;
+---------------+--------------+---------------------+---------------------+------------------------------+------------------------------+---------------------+---------------------+--------------------------------------+--------------------------------------+-----------------------------+-----------------------------+----------------------------+----------------------------+-----------------------------+-----------------------------+--------------------+--------------------+-------------------------------------+-------------------------------------+----------------------------+----------------------------+---------------------------+---------------------------+
; Pin           ; I/O Standard ; Board Delay on Rise ; Board Delay on Fall ; Steady State Voh at FPGA Pin ; Steady State Vol at FPGA Pin ; Voh Max at FPGA Pin ; Vol Min at FPGA Pin ; Ringback Voltage on Rise at FPGA Pin ; Ringback Voltage on Fall at FPGA Pin ; 10-90 Rise Time at FPGA Pin ; 90-10 Fall Time at FPGA Pin ; Monotonic Rise at FPGA Pin ; Monotonic Fall at FPGA Pin ; Steady State Voh at Far-end ; Steady State Vol at Far-end ; Voh Max at Far-end ; Vol Min at Far-end ; Ringback Voltage on Rise at Far-end ; Ringback Voltage on Fall at Far-end ; 10-90 Rise Time at Far-end ; 90-10 Fall Time at Far-end ; Monotonic Rise at Far-end ; Monotonic Fall at Far-end ;
+---------------+--------------+---------------------+---------------------+------------------------------+------------------------------+---------------------+---------------------+--------------------------------------+--------------------------------------+-----------------------------+-----------------------------+----------------------------+----------------------------+-----------------------------+-----------------------------+--------------------+--------------------+-------------------------------------+-------------------------------------+----------------------------+----------------------------+---------------------------+---------------------------+
; k             ; 2.5 V        ; 0 s                 ; 0 s                 ; 2.62 V                       ; 2.24e-09 V                   ; 2.74 V              ; -0.0529 V           ; 0.285 V                              ; 0.071 V                              ; 2.99e-10 s                  ; 3.3e-10 s                   ; No                         ; Yes                        ; 2.62 V                      ; 2.24e-09 V                  ; 2.74 V             ; -0.0529 V          ; 0.285 V                             ; 0.071 V                             ; 2.99e-10 s                 ; 3.3e-10 s                  ; No                        ; Yes                       ;
; ~ALTERA_DCLK~ ; 2.5 V        ; 0 s                 ; 0 s                 ; 2.62 V                       ; 1.87e-09 V                   ; 2.79 V              ; -0.0524 V           ; 0.191 V                              ; 0.066 V                              ; 2.63e-10 s                  ; 1.96e-10 s                  ; No                         ; Yes                        ; 2.62 V                      ; 1.87e-09 V                  ; 2.79 V             ; -0.0524 V          ; 0.191 V                             ; 0.066 V                             ; 2.63e-10 s                 ; 1.96e-10 s                 ; No                        ; Yes                       ;
; ~ALTERA_nCEO~ ; 2.5 V        ; 0 s                 ; 0 s                 ; 2.62 V                       ; 2.91e-09 V                   ; 2.73 V              ; -0.0159 V           ; 0.231 V                              ; 0.026 V                              ; 2.89e-10 s                  ; 4.54e-10 s                  ; Yes                        ; Yes                        ; 2.62 V                      ; 2.91e-09 V                  ; 2.73 V             ; -0.0159 V          ; 0.231 V                             ; 0.026 V                             ; 2.89e-10 s                 ; 4.54e-10 s                 ; Yes                       ; Yes                       ;
+---------------+--------------+---------------------+---------------------+------------------------------+------------------------------+---------------------+---------------------+--------------------------------------+--------------------------------------+-----------------------------+-----------------------------+----------------------------+----------------------------+-----------------------------+-----------------------------+--------------------+--------------------+-------------------------------------+-------------------------------------+----------------------------+----------------------------+---------------------------+---------------------------+


+-------------------------------------------------------------------+
; Setup Transfers                                                   ;
+------------+----------+----------+----------+----------+----------+
; From Clock ; To Clock ; RR Paths ; FR Paths ; RF Paths ; FF Paths ;
+------------+----------+----------+----------+----------+----------+
; clk        ; clk      ; 9        ; 0        ; 0        ; 0        ;
+------------+----------+----------+----------+----------+----------+
Entries labeled "false path" only account for clock-to-clock false paths and not path-based false paths. As a result, actual path counts may be lower than reported.


+-------------------------------------------------------------------+
; Hold Transfers                                                    ;
+------------+----------+----------+----------+----------+----------+
; From Clock ; To Clock ; RR Paths ; FR Paths ; RF Paths ; FF Paths ;
+------------+----------+----------+----------+----------+----------+
; clk        ; clk      ; 9        ; 0        ; 0        ; 0        ;
+------------+----------+----------+----------+----------+----------+
Entries labeled "false path" only account for clock-to-clock false paths and not path-based false paths. As a result, actual path counts may be lower than reported.


---------------
; Report TCCS ;
---------------
No dedicated SERDES Transmitter circuitry present in device or used in design


---------------
; Report RSKM ;
---------------
No dedicated SERDES Receiver circuitry present in device or used in design


+------------------------------------------------+
; Unconstrained Paths                            ;
+---------------------------------+-------+------+
; Property                        ; Setup ; Hold ;
+---------------------------------+-------+------+
; Illegal Clocks                  ; 0     ; 0    ;
; Unconstrained Clocks            ; 0     ; 0    ;
; Unconstrained Input Ports       ; 2     ; 2    ;
; Unconstrained Input Port Paths  ; 14    ; 14   ;
; Unconstrained Output Ports      ; 1     ; 1    ;
; Unconstrained Output Port Paths ; 1     ; 1    ;
+---------------------------------+-------+------+


+------------------------------------+
; TimeQuest Timing Analyzer Messages ;
+------------------------------------+
Info: *******************************************************************
Info: Running Quartus II 64-Bit TimeQuest Timing Analyzer
    Info: Version 12.0 Build 178 05/31/2012 SJ Full Version
    Info: Processing started: Sat Aug 11 14:08:20 2018
Info: Command: quartus_sta mealy -c mealy
Info: qsta_default_script.tcl version: #4
Info (20030): Parallel compilation is enabled and will use 2 of the 2 processors detected
Info (21077): Core supply voltage is 1.2V
Info (21077): Low junction temperature is -40 degrees C
Info (21077): High junction temperature is 125 degrees C
Critical Warning (332012): Synopsys Design Constraints File file not found: 'mealy.sdc'. A Synopsys Design Constraints File is required by the TimeQuest Timing Analyzer to get proper timing constraints. Without it, the Compiler will not properly optimize the design.
Info (332142): No user constrained base clocks found in the design. Calling "derive_clocks -period 1.0"
Info (332105): Deriving Clocks
    Info (332105): create_clock -period 1.000 -name clk clk
Info (332143): No user constrained clock uncertainty found in the design. Calling "derive_clock_uncertainty"
Info (332123): Deriving Clock Uncertainty. Please refer to report_sdc in TimeQuest to see clock uncertainties.
Info: Found TIMEQUEST_REPORT_SCRIPT_INCLUDE_DEFAULT_ANALYSIS = ON
Info: Analyzing Slow 1200mV 125C Model
Critical Warning (332148): Timing requirements not met
Info (332146): Worst-case setup slack is -0.257
    Info (332119):     Slack End Point TNS Clock 
    Info (332119): ========= ============= =====================
    Info (332119):    -0.257        -0.316 clk 
Info (332146): Worst-case hold slack is 0.428
    Info (332119):     Slack End Point TNS Clock 
    Info (332119): ========= ============= =====================
    Info (332119):     0.428         0.000 clk 
Info (332140): No Recovery paths to report
Info (332140): No Removal paths to report
Info (332146): Worst-case minimum pulse width slack is -3.000
    Info (332119):     Slack End Point TNS Clock 
    Info (332119): ========= ============= =====================
    Info (332119):    -3.000       -13.409 clk 
Info: Analyzing Slow 1200mV -40C Model
Info (334003): Started post-fitting delay annotation
Info (334004): Delay annotation completed successfully
Info (332123): Deriving Clock Uncertainty. Please refer to report_sdc in TimeQuest to see clock uncertainties.
Critical Warning (332148): Timing requirements not met
Info (332146): Worst-case setup slack is -0.054
    Info (332119):     Slack End Point TNS Clock 
    Info (332119): ========= ============= =====================
    Info (332119):    -0.054        -0.054 clk 
Info (332146): Worst-case hold slack is 0.343
    Info (332119):     Slack End Point TNS Clock 
    Info (332119): ========= ============= =====================
    Info (332119):     0.343         0.000 clk 
Info (332140): No Recovery paths to report
Info (332140): No Removal paths to report
Info (332146): Worst-case minimum pulse width slack is -3.000
    Info (332119):     Slack End Point TNS Clock 
    Info (332119): ========= ============= =====================
    Info (332119):    -3.000       -11.995 clk 
Info: Analyzing Fast 1200mV -40C Model
Info (332123): Deriving Clock Uncertainty. Please refer to report_sdc in TimeQuest to see clock uncertainties.
Info (332146): Worst-case setup slack is 0.432
    Info (332119):     Slack End Point TNS Clock 
    Info (332119): ========= ============= =====================
    Info (332119):     0.432         0.000 clk 
Info (332146): Worst-case hold slack is 0.179
    Info (332119):     Slack End Point TNS Clock 
    Info (332119): ========= ============= =====================
    Info (332119):     0.179         0.000 clk 
Info (332140): No Recovery paths to report
Info (332140): No Removal paths to report
Critical Warning (332148): Timing requirements not met
Info (332146): Worst-case minimum pulse width slack is -3.000
    Info (332119):     Slack End Point TNS Clock 
    Info (332119): ========= ============= =====================
    Info (332119):    -3.000       -10.420 clk 
Info (332102): Design is not fully constrained for setup requirements
Info (332102): Design is not fully constrained for hold requirements
Info: Quartus II 64-Bit TimeQuest Timing Analyzer was successful. 0 errors, 4 warnings
    Info: Peak virtual memory: 409 megabytes
    Info: Processing ended: Sat Aug 11 14:08:26 2018
    Info: Elapsed time: 00:00:06
    Info: Total CPU time (on all processors): 00:00:03


